#
# There is insufficient memory for the Java Runtime Environment to continue.
# Native memory allocation (malloc) failed to allocate 326256 bytes. Error detail: Chunk::new
# Possible reasons:
#   The system is out of physical RAM or swap space
#   This process is running with CompressedOops enabled, and the Java Heap may be blocking the growth of the native heap
# Possible solutions:
#   Reduce memory load on the system
#   Increase physical memory or swap space
#   Check if swap backing store is full
#   Decrease Java heap size (-Xmx/-Xms)
#   Decrease number of Java threads
#   Decrease Java thread stack sizes (-Xss)
#   Set larger code cache with -XX:ReservedCodeCacheSize=
#   JVM is running with Unscaled Compressed Oops mode in which the Java heap is
#     placed in the first 4GB address space. The Java Heap base address is the
#     maximum limit for the native heap growth. Please use -XX:HeapBaseMinAddress
#     to set the Java Heap base and to place the Java Heap above 4GB virtual address.
# This output file may be truncated or incomplete.
#
#  Out of Memory Error (arena.cpp:191), pid=16468, tid=12032
#
# JRE version: OpenJDK Runtime Environment Temurin-17.0.11+9 (17.0.11+9) (build 17.0.11+9)
# Java VM: OpenJDK 64-Bit Server VM Temurin-17.0.11+9 (17.0.11+9, mixed mode, tiered, compressed oops, compressed class ptrs, parallel gc, windows-amd64)
# No core dump will be written. Minidumps are not enabled by default on client versions of Windows
#

---------------  S U M M A R Y ------------

Command Line: --add-modules=ALL-SYSTEM --add-opens=java.base/java.util=ALL-UNNAMED --add-opens=java.base/java.lang=ALL-UNNAMED --add-opens=java.base/sun.nio.fs=ALL-UNNAMED -Declipse.application=org.eclipse.jdt.ls.core.id1 -Dosgi.bundles.defaultStartLevel=4 -Declipse.product=org.eclipse.jdt.ls.core.product -Djava.import.generatesMetadataFilesAtProjectRoot=false -DDetectVMInstallationsJob.disabled=true -Dfile.encoding=utf8 -XX:+UseParallelGC -XX:GCTimeRatio=4 -XX:AdaptiveSizePolicyWeight=90 -Dsun.zip.disableMemoryMapping=true -Xmx1G -Xms100m -Xlog:disable -javaagent:c:\Users\alejandro\.vscode\extensions\redhat.java-1.33.0-win32-x64\lombok\lombok-1.18.33.jar -XX:+HeapDumpOnOutOfMemoryError -XX:HeapDumpPath=c:\Users\alejandro\AppData\Roaming\Code\User\workspaceStorage\23c7b77abcf922693b546ac731d52347\redhat.java -Daether.dependencyCollector.impl=bf c:\Users\alejandro\.vscode\extensions\redhat.java-1.33.0-win32-x64\server\plugins\org.eclipse.equinox.launcher_1.6.900.v20240613-2009.jar -configuration c:\Users\alejandro\AppData\Roaming\Code\User\globalStorage\redhat.java\1.33.0\config_win -data c:\Users\alejandro\AppData\Roaming\Code\User\workspaceStorage\23c7b77abcf922693b546ac731d52347\redhat.java\jdt_ws --pipe=\\.\pipe\lsp-c1002fd9772136defdee3f79bbe5eb4a-sock

Host: Intel(R) Core(TM) i7-3667U CPU @ 2.00GHz, 4 cores, 7G,  Windows 10 , 64 bit Build 19041 (10.0.19041.4597)
Time: Wed Aug 14 12:31:54 2024 Hora est. Sudamérica Pacífico elapsed time: 153.469729 seconds (0d 0h 2m 33s)

---------------  T H R E A D  ---------------

Current thread (0x0000017ffb83a540):  JavaThread "C2 CompilerThread0" daemon [_thread_in_native, id=12032, stack(0x00000058f6300000,0x00000058f6400000)]


Current CompileTask:
C2: 153469 2859       4       com.sun.org.apache.xerces.internal.impl.XMLEntityScanner::scanQName (580 bytes)

Stack: [0x00000058f6300000,0x00000058f6400000]
Native frames: (J=compiled Java code, j=interpreted, Vv=VM code, C=native code)
V  [jvm.dll+0x67d429]
V  [jvm.dll+0x834b7a]
V  [jvm.dll+0x83663e]
V  [jvm.dll+0x836ca3]
V  [jvm.dll+0x247dbf]
V  [jvm.dll+0xac534]
V  [jvm.dll+0xacb7c]
V  [jvm.dll+0x3665f2]
V  [jvm.dll+0x330bba]
V  [jvm.dll+0x33005a]
V  [jvm.dll+0x21a471]
V  [jvm.dll+0x2198b1]
V  [jvm.dll+0x1a534d]
V  [jvm.dll+0x2295cd]
V  [jvm.dll+0x22779c]
V  [jvm.dll+0x7e9d07]
V  [jvm.dll+0x7e410a]
V  [jvm.dll+0x67c315]
C  [ucrtbase.dll+0x21bb2]
C  [KERNEL32.DLL+0x17374]
C  [ntdll.dll+0x4cc91]


---------------  P R O C E S S  ---------------

Threads class SMR info:
_java_thread_list=0x0000017f86071c20, length=18, elements={
0x0000017fe79c6020, 0x0000017ffb808390, 0x0000017ffb809b40, 0x0000017ffb832670,
0x0000017ffb833400, 0x0000017ffb835fa0, 0x0000017ffb837880, 0x0000017ffb83a540,
0x0000017ffb84de70, 0x0000017f8518d750, 0x0000017fe7a26e80, 0x0000017f8536f180,
0x0000017f85576d70, 0x0000017fe572f660, 0x0000017f8599b260, 0x0000017f85ef6ab0,
0x0000017f85510ca0, 0x0000017f8648e870
}

Java Threads: ( => current thread )
  0x0000017fe79c6020 JavaThread "main" [_thread_blocked, id=26760, stack(0x00000058f5a00000,0x00000058f5b00000)]
  0x0000017ffb808390 JavaThread "Reference Handler" daemon [_thread_blocked, id=23388, stack(0x00000058f5d00000,0x00000058f5e00000)]
  0x0000017ffb809b40 JavaThread "Finalizer" daemon [_thread_blocked, id=34772, stack(0x00000058f5e00000,0x00000058f5f00000)]
  0x0000017ffb832670 JavaThread "Signal Dispatcher" daemon [_thread_blocked, id=24604, stack(0x00000058f5f00000,0x00000058f6000000)]
  0x0000017ffb833400 JavaThread "Attach Listener" daemon [_thread_blocked, id=30376, stack(0x00000058f6000000,0x00000058f6100000)]
  0x0000017ffb835fa0 JavaThread "Service Thread" daemon [_thread_blocked, id=33560, stack(0x00000058f6100000,0x00000058f6200000)]
  0x0000017ffb837880 JavaThread "Monitor Deflation Thread" daemon [_thread_blocked, id=10508, stack(0x00000058f6200000,0x00000058f6300000)]
=>0x0000017ffb83a540 JavaThread "C2 CompilerThread0" daemon [_thread_in_native, id=12032, stack(0x00000058f6300000,0x00000058f6400000)]
  0x0000017ffb84de70 JavaThread "C1 CompilerThread0" daemon [_thread_blocked, id=18540, stack(0x00000058f6400000,0x00000058f6500000)]
  0x0000017f8518d750 JavaThread "Sweeper thread" daemon [_thread_blocked, id=24408, stack(0x00000058f6500000,0x00000058f6600000)]
  0x0000017fe7a26e80 JavaThread "Common-Cleaner" daemon [_thread_blocked, id=16452, stack(0x00000058f6600000,0x00000058f6700000)]
  0x0000017f8536f180 JavaThread "Notification Thread" daemon [_thread_blocked, id=31388, stack(0x00000058f6700000,0x00000058f6800000)]
  0x0000017f85576d70 JavaThread "Active Thread: Equinox Container: 23661b5a-89ac-489d-8089-e1d3c37c2df1" [_thread_blocked, id=22508, stack(0x00000058f6c00000,0x00000058f6d00000)]
  0x0000017fe572f660 JavaThread "Framework Event Dispatcher: Equinox Container: 23661b5a-89ac-489d-8089-e1d3c37c2df1" daemon [_thread_blocked, id=33916, stack(0x00000058f5800000,0x00000058f5900000)]
  0x0000017f8599b260 JavaThread "Start Level: Equinox Container: 23661b5a-89ac-489d-8089-e1d3c37c2df1" daemon [_thread_in_Java, id=13232, stack(0x00000058f5900000,0x00000058f5a00000)]
  0x0000017f85ef6ab0 JavaThread "Bundle File Closer" daemon [_thread_blocked, id=8788, stack(0x00000058f6e00000,0x00000058f6f00000)]
  0x0000017f85510ca0 JavaThread "SCR Component Actor" daemon [_thread_blocked, id=3152, stack(0x00000058f6d00000,0x00000058f6e00000)]
  0x0000017f8648e870 JavaThread "SCR Component Registry" daemon [_thread_blocked, id=2660, stack(0x00000058f6f00000,0x00000058f7000000)]

Other Threads:
  0x0000017fe7a6ec30 VMThread "VM Thread" [stack: 0x00000058f5c00000,0x00000058f5d00000] [id=30104]
  0x0000017f85464f50 WatcherThread [stack: 0x00000058f6800000,0x00000058f6900000] [id=13304]
  0x0000017fe79db740 GCTaskThread "GC Thread#0" [stack: 0x00000058f5b00000,0x00000058f5c00000] [id=21592]
  0x0000017f856d0180 GCTaskThread "GC Thread#1" [stack: 0x00000058f6900000,0x00000058f6a00000] [id=19084]
  0x0000017f856d0c40 GCTaskThread "GC Thread#2" [stack: 0x00000058f6a00000,0x00000058f6b00000] [id=22476]
  0x0000017f85606c50 GCTaskThread "GC Thread#3" [stack: 0x00000058f6b00000,0x00000058f6c00000] [id=26176]

Threads with active compile tasks:
C2 CompilerThread0   153532 2859       4       com.sun.org.apache.xerces.internal.impl.XMLEntityScanner::scanQName (580 bytes)

VM state: not at safepoint (normal execution)

VM Mutex/Monitor currently owned by a thread: None

Heap address: 0x00000000c0000000, size: 1024 MB, Compressed Oops mode: 32-bit

CDS archive(s) not mapped
Compressed class space mapped at: 0x0000000100000000-0x0000000140000000, reserved size: 1073741824
Narrow klass base: 0x0000000000000000, Narrow klass shift: 3, Narrow klass range: 0x140000000

GC Precious Log:
 CPUs: 4 total, 4 available
 Memory: 7888M
 Large Page Support: Disabled
 NUMA Support: Disabled
 Compressed Oops: Enabled (32-bit)
 Alignments: Space 512K, Generation 512K, Heap 2M
 Heap Min Capacity: 100M
 Heap Initial Capacity: 100M
 Heap Max Capacity: 1G
 Pre-touch: Disabled
 Parallel Workers: 4

Heap:
 PSYoungGen      total 29696K, used 7255K [0x00000000eab00000, 0x00000000ecc00000, 0x0000000100000000)
  eden space 25600K, 12% used [0x00000000eab00000,0x00000000eae18ab8,0x00000000ec400000)
  from space 4096K, 99% used [0x00000000ec800000,0x00000000ecbfd1f8,0x00000000ecc00000)
  to   space 4096K, 0% used [0x00000000ec400000,0x00000000ec400000,0x00000000ec800000)
 ParOldGen       total 68608K, used 6762K [0x00000000c0000000, 0x00000000c4300000, 0x00000000eab00000)
  object space 68608K, 9% used [0x00000000c0000000,0x00000000c069a8f8,0x00000000c4300000)
 Metaspace       used 19924K, committed 20288K, reserved 1114112K
  class space    used 2002K, committed 2176K, reserved 1048576K

Card table byte_map: [0x0000017fe7350000,0x0000017fe7560000] _byte_map_base: 0x0000017fe6d50000

Marking Bits: (ParMarkBitMap*) 0x00007fff9405d820
 Begin Bits: [0x0000017ff9650000, 0x0000017ffa650000)
 End Bits:   [0x0000017ffa650000, 0x0000017ffb650000)

Polling page: 0x0000017fe5700000

Metaspace:

Usage:
  Non-class:     17.50 MB used.
      Class:      1.96 MB used.
       Both:     19.46 MB used.

Virtual space:
  Non-class space:       64.00 MB reserved,      17.69 MB ( 28%) committed,  1 nodes.
      Class space:        1.00 GB reserved,       2.12 MB ( <1%) committed,  1 nodes.
             Both:        1.06 GB reserved,      19.81 MB (  2%) committed. 

Chunk freelists:
   Non-Class:  13.60 MB
       Class:  13.84 MB
        Both:  27.44 MB

MaxMetaspaceSize: unlimited
CompressedClassSpaceSize: 1.00 GB
Initial GC threshold: 21.00 MB
Current GC threshold: 21.00 MB
CDS: off
MetaspaceReclaimPolicy: balanced
 - commit_granule_bytes: 65536.
 - commit_granule_words: 8192.
 - virtual_space_node_default_size: 8388608.
 - enlarge_chunks_in_place: 1.
 - new_chunks_are_fully_committed: 0.
 - uncommit_free_chunks: 1.
 - use_allocation_guard: 0.
 - handle_deallocations: 1.


Internal statistics:

num_allocs_failed_limit: 0.
num_arena_births: 170.
num_arena_deaths: 0.
num_vsnodes_births: 2.
num_vsnodes_deaths: 0.
num_space_committed: 317.
num_space_uncommitted: 0.
num_chunks_returned_to_freelist: 0.
num_chunks_taken_from_freelist: 544.
num_chunk_merges: 0.
num_chunk_splits: 345.
num_chunks_enlarged: 241.
num_inconsistent_stats: 0.

CodeHeap 'non-profiled nmethods': size=120000Kb used=1200Kb max_used=1200Kb free=118799Kb
 bounds [0x0000017ff2120000, 0x0000017ff2390000, 0x0000017ff9650000]
CodeHeap 'profiled nmethods': size=120000Kb used=5867Kb max_used=5867Kb free=114132Kb
 bounds [0x0000017fea650000, 0x0000017feac10000, 0x0000017ff1b80000]
CodeHeap 'non-nmethods': size=5760Kb used=1182Kb max_used=1199Kb free=4577Kb
 bounds [0x0000017ff1b80000, 0x0000017ff1df0000, 0x0000017ff2120000]
 total_blobs=3337 nmethods=2857 adapters=394
 compilation: enabled
              stopped_count=0, restarted_count=0
 full_count=0

Compilation events (20 events):
Event: 153.407 Thread 0x0000017ffb84de70 nmethod 2857 0x0000017feac06510 code [0x0000017feac066c0, 0x0000017feac06888]
Event: 153.407 Thread 0x0000017ffb84de70 2858       3       com.sun.org.apache.xerces.internal.impl.XMLDTDScannerImpl::getPropertyDefault (36 bytes)
Event: 153.408 Thread 0x0000017ffb84de70 nmethod 2858 0x0000017feac06990 code [0x0000017feac06b60, 0x0000017feac06e08]
Event: 153.409 Thread 0x0000017ffb83a540 2859       4       com.sun.org.apache.xerces.internal.impl.XMLEntityScanner::scanQName (580 bytes)
Event: 153.440 Thread 0x0000017ffb84de70 2860       3       java.lang.ClassLoader::getParent (32 bytes)
Event: 153.441 Thread 0x0000017ffb84de70 nmethod 2860 0x0000017feac06f90 code [0x0000017feac071c0, 0x0000017feac07b78]
Event: 153.451 Thread 0x0000017ffb84de70 2861       3       java.util.HashMap::clear (50 bytes)
Event: 153.452 Thread 0x0000017ffb84de70 nmethod 2861 0x0000017feac07e90 code [0x0000017feac08040, 0x0000017feac083b8]
Event: 153.453 Thread 0x0000017ffb84de70 2862       1       java.util.Collections$EmptyEnumeration::hasMoreElements (2 bytes)
Event: 153.454 Thread 0x0000017ffb84de70 nmethod 2862 0x0000017ff224bc90 code [0x0000017ff224be20, 0x0000017ff224bef8]
Event: 153.455 Thread 0x0000017ffb84de70 2864       3       org.apache.felix.scr.impl.logger.LogManager$LoggerFacade::getLogger (34 bytes)
Event: 153.456 Thread 0x0000017ffb84de70 nmethod 2864 0x0000017feac08510 code [0x0000017feac086c0, 0x0000017feac08888]
Event: 153.456 Thread 0x0000017ffb84de70 2865       3       java.util.stream.StreamSpliterators$WrappingSpliterator::tryAdvance (36 bytes)
Event: 153.457 Thread 0x0000017ffb84de70 nmethod 2865 0x0000017feac08990 code [0x0000017feac08b80, 0x0000017feac09058]
Event: 153.457 Thread 0x0000017ffb84de70 2866       3       java.util.stream.StreamSpliterators$AbstractWrappingSpliterator::fillBuffer (64 bytes)
Event: 153.458 Thread 0x0000017ffb84de70 nmethod 2866 0x0000017feac09210 code [0x0000017feac09420, 0x0000017feac09c28]
Event: 153.460 Thread 0x0000017ffb84de70 2867       1       java.util.concurrent.locks.ReentrantReadWriteLock::writeLock (5 bytes)
Event: 153.460 Thread 0x0000017ffb84de70 nmethod 2867 0x0000017ff224bf90 code [0x0000017ff224c120, 0x0000017ff224c1f8]
Event: 153.461 Thread 0x0000017ffb84de70 2868       3       java.util.Stack::<init> (5 bytes)
Event: 153.461 Thread 0x0000017ffb84de70 nmethod 2868 0x0000017feac09f10 code [0x0000017feac0a0c0, 0x0000017feac0a2c8]

GC Heap History (8 events):
Event: 10.096 GC heap before
{Heap before GC invocations=1 (full 0):
 PSYoungGen      total 29696K, used 25600K [0x00000000eab00000, 0x00000000ecc00000, 0x0000000100000000)
  eden space 25600K, 100% used [0x00000000eab00000,0x00000000ec400000,0x00000000ec400000)
  from space 4096K, 0% used [0x00000000ec800000,0x00000000ec800000,0x00000000ecc00000)
  to   space 4096K, 0% used [0x00000000ec400000,0x00000000ec400000,0x00000000ec800000)
 ParOldGen       total 68608K, used 0K [0x00000000c0000000, 0x00000000c4300000, 0x00000000eab00000)
  object space 68608K, 0% used [0x00000000c0000000,0x00000000c0000000,0x00000000c4300000)
 Metaspace       used 10997K, committed 11200K, reserved 1114112K
  class space    used 1094K, committed 1216K, reserved 1048576K
}
Event: 10.239 GC heap after
{Heap after GC invocations=1 (full 0):
 PSYoungGen      total 29696K, used 3172K [0x00000000eab00000, 0x00000000ecc00000, 0x0000000100000000)
  eden space 25600K, 0% used [0x00000000eab00000,0x00000000eab00000,0x00000000ec400000)
  from space 4096K, 77% used [0x00000000ec400000,0x00000000ec7192e0,0x00000000ec800000)
  to   space 4096K, 0% used [0x00000000ec800000,0x00000000ec800000,0x00000000ecc00000)
 ParOldGen       total 68608K, used 0K [0x00000000c0000000, 0x00000000c4300000, 0x00000000eab00000)
  object space 68608K, 0% used [0x00000000c0000000,0x00000000c0000000,0x00000000c4300000)
 Metaspace       used 10997K, committed 11200K, reserved 1114112K
  class space    used 1094K, committed 1216K, reserved 1048576K
}
Event: 45.129 GC heap before
{Heap before GC invocations=2 (full 0):
 PSYoungGen      total 29696K, used 28772K [0x00000000eab00000, 0x00000000ecc00000, 0x0000000100000000)
  eden space 25600K, 100% used [0x00000000eab00000,0x00000000ec400000,0x00000000ec400000)
  from space 4096K, 77% used [0x00000000ec400000,0x00000000ec7192e0,0x00000000ec800000)
  to   space 4096K, 0% used [0x00000000ec800000,0x00000000ec800000,0x00000000ecc00000)
 ParOldGen       total 68608K, used 0K [0x00000000c0000000, 0x00000000c4300000, 0x00000000eab00000)
  object space 68608K, 0% used [0x00000000c0000000,0x00000000c0000000,0x00000000c4300000)
 Metaspace       used 14349K, committed 14592K, reserved 1114112K
  class space    used 1412K, committed 1536K, reserved 1048576K
}
Event: 45.141 GC heap after
{Heap after GC invocations=2 (full 0):
 PSYoungGen      total 29696K, used 4083K [0x00000000eab00000, 0x00000000ecc00000, 0x0000000100000000)
  eden space 25600K, 0% used [0x00000000eab00000,0x00000000eab00000,0x00000000ec400000)
  from space 4096K, 99% used [0x00000000ec800000,0x00000000ecbfcfa0,0x00000000ecc00000)
  to   space 4096K, 0% used [0x00000000ec400000,0x00000000ec400000,0x00000000ec800000)
 ParOldGen       total 68608K, used 1824K [0x00000000c0000000, 0x00000000c4300000, 0x00000000eab00000)
  object space 68608K, 2% used [0x00000000c0000000,0x00000000c01c8390,0x00000000c4300000)
 Metaspace       used 14349K, committed 14592K, reserved 1114112K
  class space    used 1412K, committed 1536K, reserved 1048576K
}
Event: 134.565 GC heap before
{Heap before GC invocations=3 (full 0):
 PSYoungGen      total 29696K, used 29683K [0x00000000eab00000, 0x00000000ecc00000, 0x0000000100000000)
  eden space 25600K, 100% used [0x00000000eab00000,0x00000000ec400000,0x00000000ec400000)
  from space 4096K, 99% used [0x00000000ec800000,0x00000000ecbfcfa0,0x00000000ecc00000)
  to   space 4096K, 0% used [0x00000000ec400000,0x00000000ec400000,0x00000000ec800000)
 ParOldGen       total 68608K, used 1824K [0x00000000c0000000, 0x00000000c4300000, 0x00000000eab00000)
  object space 68608K, 2% used [0x00000000c0000000,0x00000000c01c8390,0x00000000c4300000)
 Metaspace       used 16357K, committed 16640K, reserved 1114112K
  class space    used 1634K, committed 1792K, reserved 1048576K
}
Event: 134.577 GC heap after
{Heap after GC invocations=3 (full 0):
 PSYoungGen      total 29696K, used 4075K [0x00000000eab00000, 0x00000000ecc00000, 0x0000000100000000)
  eden space 25600K, 0% used [0x00000000eab00000,0x00000000eab00000,0x00000000ec400000)
  from space 4096K, 99% used [0x00000000ec400000,0x00000000ec7facf8,0x00000000ec800000)
  to   space 4096K, 0% used [0x00000000ec800000,0x00000000ec800000,0x00000000ecc00000)
 ParOldGen       total 68608K, used 5972K [0x00000000c0000000, 0x00000000c4300000, 0x00000000eab00000)
  object space 68608K, 8% used [0x00000000c0000000,0x00000000c05d5028,0x00000000c4300000)
 Metaspace       used 16357K, committed 16640K, reserved 1114112K
  class space    used 1634K, committed 1792K, reserved 1048576K
}
Event: 153.133 GC heap before
{Heap before GC invocations=4 (full 0):
 PSYoungGen      total 29696K, used 29675K [0x00000000eab00000, 0x00000000ecc00000, 0x0000000100000000)
  eden space 25600K, 100% used [0x00000000eab00000,0x00000000ec400000,0x00000000ec400000)
  from space 4096K, 99% used [0x00000000ec400000,0x00000000ec7facf8,0x00000000ec800000)
  to   space 4096K, 0% used [0x00000000ec800000,0x00000000ec800000,0x00000000ecc00000)
 ParOldGen       total 68608K, used 5972K [0x00000000c0000000, 0x00000000c4300000, 0x00000000eab00000)
  object space 68608K, 8% used [0x00000000c0000000,0x00000000c05d5028,0x00000000c4300000)
 Metaspace       used 19699K, committed 20032K, reserved 1114112K
  class space    used 1972K, committed 2112K, reserved 1048576K
}
Event: 153.140 GC heap after
{Heap after GC invocations=4 (full 0):
 PSYoungGen      total 29696K, used 4084K [0x00000000eab00000, 0x00000000ecc00000, 0x0000000100000000)
  eden space 25600K, 0% used [0x00000000eab00000,0x00000000eab00000,0x00000000ec400000)
  from space 4096K, 99% used [0x00000000ec800000,0x00000000ecbfd1f8,0x00000000ecc00000)
  to   space 4096K, 0% used [0x00000000ec400000,0x00000000ec400000,0x00000000ec800000)
 ParOldGen       total 68608K, used 6762K [0x00000000c0000000, 0x00000000c4300000, 0x00000000eab00000)
  object space 68608K, 9% used [0x00000000c0000000,0x00000000c069a8f8,0x00000000c4300000)
 Metaspace       used 19699K, committed 20032K, reserved 1114112K
  class space    used 1972K, committed 2112K, reserved 1048576K
}

Dll operation events (9 events):
Event: 0.025 Loaded shared library c:\Users\alejandro\.vscode\extensions\redhat.java-1.33.0-win32-x64\jre\17.0.11-win32-x86_64\bin\java.dll
Event: 2.019 Loaded shared library c:\Users\alejandro\.vscode\extensions\redhat.java-1.33.0-win32-x64\jre\17.0.11-win32-x86_64\bin\zip.dll
Event: 2.080 Loaded shared library C:\Users\alejandro\.vscode\extensions\redhat.java-1.33.0-win32-x64\jre\17.0.11-win32-x86_64\bin\instrument.dll
Event: 2.297 Loaded shared library C:\Users\alejandro\.vscode\extensions\redhat.java-1.33.0-win32-x64\jre\17.0.11-win32-x86_64\bin\net.dll
Event: 2.302 Loaded shared library C:\Users\alejandro\.vscode\extensions\redhat.java-1.33.0-win32-x64\jre\17.0.11-win32-x86_64\bin\nio.dll
Event: 2.383 Loaded shared library C:\Users\alejandro\.vscode\extensions\redhat.java-1.33.0-win32-x64\jre\17.0.11-win32-x86_64\bin\zip.dll
Event: 2.482 Loaded shared library C:\Users\alejandro\.vscode\extensions\redhat.java-1.33.0-win32-x64\jre\17.0.11-win32-x86_64\bin\jimage.dll
Event: 3.049 Loaded shared library c:\Users\alejandro\.vscode\extensions\redhat.java-1.33.0-win32-x64\jre\17.0.11-win32-x86_64\bin\verify.dll
Event: 66.321 Loaded shared library C:\Users\alejandro\AppData\Roaming\Code\User\globalStorage\redhat.java\1.33.0\config_win\org.eclipse.equinox.launcher\org.eclipse.equinox.launcher.win32.win32.x86_64_1.2.1100.v20240722-2106\eclipse_11904.dll

Deoptimization events (20 events):
Event: 152.572 Thread 0x0000017f8599b260 DEOPT PACKING pc=0x0000017ff223b288 sp=0x00000058f59f8850
Event: 152.572 Thread 0x0000017f8599b260 DEOPT UNPACKING pc=0x0000017ff1bd66a3 sp=0x00000058f59f87e0 mode 2
Event: 152.619 Thread 0x0000017f8599b260 DEOPT PACKING pc=0x0000017feab3e42e sp=0x00000058f59f8a60
Event: 152.619 Thread 0x0000017f8599b260 DEOPT UNPACKING pc=0x0000017ff1bd6e43 sp=0x00000058f59f7f20 mode 0
Event: 152.908 Thread 0x0000017f8599b260 Uncommon trap: trap_request=0xffffff45 fr.pc=0x0000017ff223df64 relative=0x0000000000000304
Event: 152.908 Thread 0x0000017f8599b260 Uncommon trap: reason=unstable_if action=reinterpret pc=0x0000017ff223df64 method=com.sun.org.apache.xerces.internal.impl.XMLEntityScanner.skipSpaces()Z @ 88 c2
Event: 152.908 Thread 0x0000017f8599b260 DEOPT PACKING pc=0x0000017ff223df64 sp=0x00000058f59f8c40
Event: 152.909 Thread 0x0000017f8599b260 DEOPT UNPACKING pc=0x0000017ff1bd66a3 sp=0x00000058f59f8bd8 mode 2
Event: 152.909 Thread 0x0000017f8599b260 Uncommon trap: trap_request=0xffffff45 fr.pc=0x0000017ff223d8d8 relative=0x00000000000000b8
Event: 152.909 Thread 0x0000017f8599b260 Uncommon trap: reason=unstable_if action=reinterpret pc=0x0000017ff223d8d8 method=com.sun.org.apache.xerces.internal.impl.XMLEntityScanner.peekChar()I @ 51 c2
Event: 152.909 Thread 0x0000017f8599b260 DEOPT PACKING pc=0x0000017ff223d8d8 sp=0x00000058f59f8b90
Event: 152.909 Thread 0x0000017f8599b260 DEOPT UNPACKING pc=0x0000017ff1bd66a3 sp=0x00000058f59f8b18 mode 2
Event: 153.034 Thread 0x0000017f8599b260 Uncommon trap: trap_request=0xffffffcc fr.pc=0x0000017ff22315f8 relative=0x00000000000001d8
Event: 153.034 Thread 0x0000017f8599b260 Uncommon trap: reason=intrinsic_or_type_checked_inlining action=make_not_entrant pc=0x0000017ff22315f8 method=java.util.Arrays.copyOf([Ljava/lang/Object;ILjava/lang/Class;)[Ljava/lang/Object; @ 35 c2
Event: 153.034 Thread 0x0000017f8599b260 DEOPT PACKING pc=0x0000017ff22315f8 sp=0x00000058f59fbf60
Event: 153.034 Thread 0x0000017f8599b260 DEOPT UNPACKING pc=0x0000017ff1bd66a3 sp=0x00000058f59fbef0 mode 2
Event: 153.252 Thread 0x0000017f8599b260 Uncommon trap: trap_request=0xffffff45 fr.pc=0x0000017ff2243c00 relative=0x00000000000004a0
Event: 153.252 Thread 0x0000017f8599b260 Uncommon trap: reason=unstable_if action=reinterpret pc=0x0000017ff2243c00 method=com.sun.org.apache.xerces.internal.impl.XMLEntityScanner.scanLiteral(ILcom/sun/org/apache/xerces/internal/xni/XMLString;Z)I @ 299 c2
Event: 153.252 Thread 0x0000017f8599b260 DEOPT PACKING pc=0x0000017ff2243c00 sp=0x00000058f59fdb40
Event: 153.252 Thread 0x0000017f8599b260 DEOPT UNPACKING pc=0x0000017ff1bd66a3 sp=0x00000058f59fdad0 mode 2

Classes unloaded (0 events):
No events

Classes redefined (0 events):
No events

Internal exceptions (20 events):
Event: 10.095 Thread 0x0000017fe79c6020 Exception <a 'java/lang/NoSuchMethodError'{0x00000000ec3fb6c0}: 'void java.lang.invoke.DirectMethodHandle$Holder.invokeStaticInit(java.lang.Object, java.lang.Object)'> (0x00000000ec3fb6c0) 
thrown [s\src\hotspot\share\interpreter\linkResolver.cpp, line 759]
Event: 10.241 Thread 0x0000017fe79c6020 Exception <a 'java/lang/NoSuchMethodError'{0x00000000eab02f20}: 'int java.lang.invoke.DirectMethodHandle$Holder.invokeStaticInit(java.lang.Object, java.lang.Object)'> (0x00000000eab02f20) 
thrown [s\src\hotspot\share\interpreter\linkResolver.cpp, line 759]
Event: 10.980 Thread 0x0000017fe79c6020 Exception <a 'java/lang/NoSuchMethodError'{0x00000000eac4fd30}: 'void java.lang.invoke.DirectMethodHandle$Holder.invokeSpecial(java.lang.Object, java.lang.Object, java.lang.Object)'> (0x00000000eac4fd30) 
thrown [s\src\hotspot\share\interpreter\linkResolver.cpp, line 759]
Event: 13.357 Thread 0x0000017fe79c6020 Exception <a 'sun/nio/fs/WindowsException'{0x00000000eb6c02e8}> (0x00000000eb6c02e8) 
thrown [s\src\hotspot\share\prims\jni.cpp, line 516]
Event: 13.372 Thread 0x0000017fe79c6020 Exception <a 'sun/nio/fs/WindowsException'{0x00000000eb70f568}> (0x00000000eb70f568) 
thrown [s\src\hotspot\share\prims\jni.cpp, line 516]
Event: 13.372 Thread 0x0000017fe79c6020 Exception <a 'sun/nio/fs/WindowsException'{0x00000000eb70f928}> (0x00000000eb70f928) 
thrown [s\src\hotspot\share\prims\jni.cpp, line 516]
Event: 13.437 Thread 0x0000017fe79c6020 Exception <a 'sun/nio/fs/WindowsException'{0x00000000eb718b20}> (0x00000000eb718b20) 
thrown [s\src\hotspot\share\prims\jni.cpp, line 516]
Event: 13.451 Thread 0x0000017fe79c6020 Exception <a 'sun/nio/fs/WindowsException'{0x00000000eb719960}> (0x00000000eb719960) 
thrown [s\src\hotspot\share\prims\jni.cpp, line 516]
Event: 13.452 Thread 0x0000017fe79c6020 Exception <a 'sun/nio/fs/WindowsException'{0x00000000eb719d20}> (0x00000000eb719d20) 
thrown [s\src\hotspot\share\prims\jni.cpp, line 516]
Event: 13.459 Thread 0x0000017fe79c6020 Exception <a 'sun/nio/fs/WindowsException'{0x00000000eb725ea8}> (0x00000000eb725ea8) 
thrown [s\src\hotspot\share\prims\jni.cpp, line 516]
Event: 13.460 Thread 0x0000017fe79c6020 Exception <a 'sun/nio/fs/WindowsException'{0x00000000eb726268}> (0x00000000eb726268) 
thrown [s\src\hotspot\share\prims\jni.cpp, line 516]
Event: 14.272 Thread 0x0000017fe79c6020 Exception <a 'java/lang/NoSuchMethodError'{0x00000000ebb5d958}: 'java.lang.Object java.lang.invoke.DirectMethodHandle$Holder.newInvokeSpecial(java.lang.Object, int, java.lang.Object)'> (0x00000000ebb5d958) 
thrown [s\src\hotspot\share\interpreter\linkResolver.cpp, line 759]
Event: 65.785 Thread 0x0000017fe79c6020 Exception <a 'java/lang/UnsatisfiedLinkError'{0x00000000ead26b40}: 'void org.eclipse.equinox.launcher.JNIBridge._update_splash()'> (0x00000000ead26b40) 
thrown [s\src\hotspot\share\prims\nativeLookup.cpp, line 543]
Event: 66.626 Thread 0x0000017f8599b260 Exception <a 'java/lang/NoSuchMethodError'{0x00000000eb0c7880}: 'java.lang.Object java.lang.invoke.DirectMethodHandle$Holder.invokeStaticInit(java.lang.Object)'> (0x00000000eb0c7880) 
thrown [s\src\hotspot\share\interpreter\linkResolver.cpp, line 759]
Event: 67.097 Thread 0x0000017f8599b260 Exception <a 'java/lang/NoSuchMethodError'{0x00000000eb18cd10}: 'java.lang.Object java.lang.invoke.DirectMethodHandle$Holder.newInvokeSpecial(java.lang.Object, java.lang.Object, int, java.lang.Object)'> (0x00000000eb18cd10) 
thrown [s\src\hotspot\share\interpreter\linkResolver.cpp, line 759]
Event: 67.098 Thread 0x0000017f8599b260 Exception <a 'java/lang/NoSuchMethodError'{0x00000000eb190ff8}: 'java.lang.Object java.lang.invoke.DirectMethodHandle$Holder.invokeSpecial(java.lang.Object, java.lang.Object, java.lang.Object, int, java.lang.Object)'> (0x00000000eb190ff8) 
thrown [s\src\hotspot\share\interpreter\linkResolver.cpp, line 759]
Event: 67.901 Thread 0x0000017f8599b260 Exception <a 'java/lang/ClassNotFoundException'{0x00000000eb3210e8}: sun/util/logging/resources/spi/loggingProvider> (0x00000000eb3210e8) 
thrown [s\src\hotspot\share\classfile\systemDictionary.cpp, line 256]
Event: 150.466 Thread 0x0000017f8599b260 Exception <a 'java/lang/NullPointerException'{0x00000000eb1d1030}> (0x00000000eb1d1030) 
thrown [s\src\hotspot\share\interpreter\linkResolver.cpp, line 1350]
Event: 150.466 Thread 0x0000017f8599b260 Exception <a 'java/lang/NullPointerException'{0x00000000eb1d1308}> (0x00000000eb1d1308) 
thrown [s\src\hotspot\share\interpreter\linkResolver.cpp, line 1350]
Event: 153.157 Thread 0x0000017f8599b260 Exception <a 'java/io/FileNotFoundException'{0x00000000eab0c5d0}> (0x00000000eab0c5d0) 
thrown [s\src\hotspot\share\prims\jni.cpp, line 516]

VM Operations (20 events):
Event: 137.612 Executing VM operation: Cleanup
Event: 137.638 Executing VM operation: Cleanup done
Event: 139.648 Executing VM operation: Cleanup
Event: 139.648 Executing VM operation: Cleanup done
Event: 144.684 Executing VM operation: Cleanup
Event: 144.684 Executing VM operation: Cleanup done
Event: 146.711 Executing VM operation: Cleanup
Event: 146.711 Executing VM operation: Cleanup done
Event: 148.729 Executing VM operation: Cleanup
Event: 148.729 Executing VM operation: Cleanup done
Event: 150.203 Executing VM operation: HandshakeAllThreads
Event: 150.203 Executing VM operation: HandshakeAllThreads done
Event: 150.203 Executing VM operation: Cleanup
Event: 150.203 Executing VM operation: Cleanup done
Event: 150.457 Executing VM operation: HandshakeAllThreads
Event: 150.457 Executing VM operation: HandshakeAllThreads done
Event: 151.469 Executing VM operation: Cleanup
Event: 151.508 Executing VM operation: Cleanup done
Event: 153.132 Executing VM operation: ParallelGCFailedAllocation
Event: 153.140 Executing VM operation: ParallelGCFailedAllocation done

Events (20 events):
Event: 150.853 loading class java/util/Timer$ThreadReaper done
Event: 150.854 Thread 0x0000017f8648e870 Thread added: 0x0000017f8648e870
Event: 150.909 loading class java/util/concurrent/locks/ReentrantLock$FairSync
Event: 150.909 loading class java/util/concurrent/locks/ReentrantLock$FairSync done
Event: 150.912 loading class java/util/Collections$ReverseComparator
Event: 150.912 loading class java/util/Collections$ReverseComparator done
Event: 151.232 loading class java/lang/CloneNotSupportedException
Event: 151.232 loading class java/lang/CloneNotSupportedException done
Event: 151.366 loading class jdk/internal/reflect/UnsafeStaticObjectFieldAccessorImpl
Event: 151.367 loading class jdk/internal/reflect/UnsafeStaticObjectFieldAccessorImpl done
Event: 151.377 loading class java/lang/IllegalCallerException
Event: 151.377 loading class java/lang/IllegalCallerException done
Event: 151.448 loading class org/xml/sax/SAXParseException
Event: 151.448 loading class org/xml/sax/SAXParseException done
Event: 153.005 loading class java/util/TreeMap$Values
Event: 153.006 loading class java/util/TreeMap$Values done
Event: 153.006 loading class java/util/TreeMap$ValueIterator
Event: 153.006 loading class java/util/TreeMap$ValueIterator done
Event: 153.346 loading class java/lang/Process
Event: 153.347 loading class java/lang/Process done


Dynamic libraries:
0x00007ff67d350000 - 0x00007ff67d35e000 	c:\Users\alejandro\.vscode\extensions\redhat.java-1.33.0-win32-x64\jre\17.0.11-win32-x86_64\bin\java.exe
0x00007ffffb7d0000 - 0x00007ffffb9c8000 	C:\WINDOWS\SYSTEM32\ntdll.dll
0x00007ffffafe0000 - 0x00007ffffb0a1000 	C:\WINDOWS\System32\KERNEL32.DLL
0x00007ffff9340000 - 0x00007ffff9636000 	C:\WINDOWS\System32\KERNELBASE.dll
0x00007ffff5c60000 - 0x00007ffff5cf4000 	C:\WINDOWS\SYSTEM32\apphelp.dll
0x00007ffff9140000 - 0x00007ffff9240000 	C:\WINDOWS\System32\ucrtbase.dll
0x00007ffff3600000 - 0x00007ffff3617000 	c:\Users\alejandro\.vscode\extensions\redhat.java-1.33.0-win32-x64\jre\17.0.11-win32-x86_64\bin\jli.dll
0x00007ffffaa90000 - 0x00007ffffac2f000 	C:\WINDOWS\System32\USER32.dll
0x00007ffff8e80000 - 0x00007ffff8ea2000 	C:\WINDOWS\System32\win32u.dll
0x00007ffffae20000 - 0x00007ffffae4b000 	C:\WINDOWS\System32\GDI32.dll
0x00007ffff96e0000 - 0x00007ffff97f7000 	C:\WINDOWS\System32\gdi32full.dll
0x00007ffff9640000 - 0x00007ffff96dd000 	C:\WINDOWS\System32\msvcp_win.dll
0x00007ffff1fd0000 - 0x00007ffff1feb000 	c:\Users\alejandro\.vscode\extensions\redhat.java-1.33.0-win32-x64\jre\17.0.11-win32-x86_64\bin\VCRUNTIME140.dll
0x00007fffe8fe0000 - 0x00007fffe927a000 	C:\WINDOWS\WinSxS\amd64_microsoft.windows.common-controls_6595b64144ccf1df_6.0.19041.4355_none_60b8b9eb71f62e16\COMCTL32.dll
0x00007ffffae50000 - 0x00007ffffaeee000 	C:\WINDOWS\System32\msvcrt.dll
0x00007ffffafb0000 - 0x00007ffffafdf000 	C:\WINDOWS\System32\IMM32.DLL
0x00007ffff3920000 - 0x00007ffff392c000 	c:\Users\alejandro\.vscode\extensions\redhat.java-1.33.0-win32-x64\jre\17.0.11-win32-x86_64\bin\vcruntime140_1.dll
0x00007fffc84b0000 - 0x00007fffc853d000 	c:\Users\alejandro\.vscode\extensions\redhat.java-1.33.0-win32-x64\jre\17.0.11-win32-x86_64\bin\msvcp140.dll
0x00007fff934c0000 - 0x00007fff94122000 	c:\Users\alejandro\.vscode\extensions\redhat.java-1.33.0-win32-x64\jre\17.0.11-win32-x86_64\bin\server\jvm.dll
0x00007ffffb1e0000 - 0x00007ffffb290000 	C:\WINDOWS\System32\ADVAPI32.dll
0x00007ffffa590000 - 0x00007ffffa630000 	C:\WINDOWS\System32\sechost.dll
0x00007ffffa6f0000 - 0x00007ffffa813000 	C:\WINDOWS\System32\RPCRT4.dll
0x00007ffff8eb0000 - 0x00007ffff8ed7000 	C:\WINDOWS\System32\bcrypt.dll
0x00007ffff8cd0000 - 0x00007ffff8d1b000 	C:\WINDOWS\SYSTEM32\POWRPROF.dll
0x00007fffe5af0000 - 0x00007fffe5af9000 	C:\WINDOWS\SYSTEM32\WSOCK32.dll
0x00007ffffb5f0000 - 0x00007ffffb65b000 	C:\WINDOWS\System32\WS2_32.dll
0x00007fffe9380000 - 0x00007fffe93a7000 	C:\WINDOWS\SYSTEM32\WINMM.dll
0x00007fffef7e0000 - 0x00007fffef7ea000 	C:\WINDOWS\SYSTEM32\VERSION.dll
0x00007ffff8cb0000 - 0x00007ffff8cc2000 	C:\WINDOWS\SYSTEM32\UMPDC.dll
0x00007ffff7660000 - 0x00007ffff7672000 	C:\WINDOWS\SYSTEM32\kernel.appcore.dll
0x00007ffff2dd0000 - 0x00007ffff2dda000 	c:\Users\alejandro\.vscode\extensions\redhat.java-1.33.0-win32-x64\jre\17.0.11-win32-x86_64\bin\jimage.dll
0x00007fffee850000 - 0x00007fffeea34000 	C:\WINDOWS\SYSTEM32\DBGHELP.DLL
0x00007fffee7f0000 - 0x00007fffee824000 	C:\WINDOWS\SYSTEM32\dbgcore.DLL
0x00007ffff9040000 - 0x00007ffff90c2000 	C:\WINDOWS\System32\bcryptPrimitives.dll
0x00007fffed5b0000 - 0x00007fffed5be000 	c:\Users\alejandro\.vscode\extensions\redhat.java-1.33.0-win32-x64\jre\17.0.11-win32-x86_64\bin\instrument.dll
0x00007fffdc1f0000 - 0x00007fffdc215000 	c:\Users\alejandro\.vscode\extensions\redhat.java-1.33.0-win32-x64\jre\17.0.11-win32-x86_64\bin\java.dll
0x00007fffee290000 - 0x00007fffee2a8000 	c:\Users\alejandro\.vscode\extensions\redhat.java-1.33.0-win32-x64\jre\17.0.11-win32-x86_64\bin\zip.dll
0x00007ffff9800000 - 0x00007ffff9f6c000 	C:\WINDOWS\System32\SHELL32.dll
0x00007ffff6cd0000 - 0x00007ffff746e000 	C:\WINDOWS\SYSTEM32\windows.storage.dll
0x00007ffffb290000 - 0x00007ffffb5e3000 	C:\WINDOWS\System32\combase.dll
0x00007ffff86f0000 - 0x00007ffff871e000 	C:\WINDOWS\SYSTEM32\Wldp.dll
0x00007ffffac30000 - 0x00007ffffacfd000 	C:\WINDOWS\System32\OLEAUT32.dll
0x00007ffffaf00000 - 0x00007ffffafad000 	C:\WINDOWS\System32\SHCORE.dll
0x00007ffffa690000 - 0x00007ffffa6e5000 	C:\WINDOWS\System32\shlwapi.dll
0x00007ffff8db0000 - 0x00007ffff8dd4000 	C:\WINDOWS\SYSTEM32\profapi.dll
0x00007fffe13e0000 - 0x00007fffe13f9000 	C:\Users\alejandro\.vscode\extensions\redhat.java-1.33.0-win32-x64\jre\17.0.11-win32-x86_64\bin\net.dll
0x00007ffff03e0000 - 0x00007ffff04ea000 	C:\WINDOWS\SYSTEM32\WINHTTP.dll
0x00007ffff84d0000 - 0x00007ffff853a000 	C:\WINDOWS\system32\mswsock.dll
0x00007fffddf80000 - 0x00007fffddf96000 	C:\Users\alejandro\.vscode\extensions\redhat.java-1.33.0-win32-x64\jre\17.0.11-win32-x86_64\bin\nio.dll
0x00007fffed570000 - 0x00007fffed580000 	c:\Users\alejandro\.vscode\extensions\redhat.java-1.33.0-win32-x64\jre\17.0.11-win32-x86_64\bin\verify.dll
0x00007fffcf430000 - 0x00007fffcf475000 	C:\Users\alejandro\AppData\Roaming\Code\User\globalStorage\redhat.java\1.33.0\config_win\org.eclipse.equinox.launcher\org.eclipse.equinox.launcher.win32.win32.x86_64_1.2.1100.v20240722-2106\eclipse_11904.dll
0x00007ffffb660000 - 0x00007ffffb78b000 	C:\WINDOWS\System32\ole32.dll

dbghelp: loaded successfully - version: 4.0.5 - missing functions: none
symbol engine: initialized successfully - sym options: 0x614 - pdb path: .;c:\Users\alejandro\.vscode\extensions\redhat.java-1.33.0-win32-x64\jre\17.0.11-win32-x86_64\bin;C:\WINDOWS\SYSTEM32;C:\WINDOWS\WinSxS\amd64_microsoft.windows.common-controls_6595b64144ccf1df_6.0.19041.4355_none_60b8b9eb71f62e16;c:\Users\alejandro\.vscode\extensions\redhat.java-1.33.0-win32-x64\jre\17.0.11-win32-x86_64\bin\server;C:\Users\alejandro\AppData\Roaming\Code\User\globalStorage\redhat.java\1.33.0\config_win\org.eclipse.equinox.launcher\org.eclipse.equinox.launcher.win32.win32.x86_64_1.2.1100.v20240722-2106

VM Arguments:
jvm_args: --add-modules=ALL-SYSTEM --add-opens=java.base/java.util=ALL-UNNAMED --add-opens=java.base/java.lang=ALL-UNNAMED --add-opens=java.base/sun.nio.fs=ALL-UNNAMED -Declipse.application=org.eclipse.jdt.ls.core.id1 -Dosgi.bundles.defaultStartLevel=4 -Declipse.product=org.eclipse.jdt.ls.core.product -Djava.import.generatesMetadataFilesAtProjectRoot=false -DDetectVMInstallationsJob.disabled=true -Dfile.encoding=utf8 -XX:+UseParallelGC -XX:GCTimeRatio=4 -XX:AdaptiveSizePolicyWeight=90 -Dsun.zip.disableMemoryMapping=true -Xmx1G -Xms100m -Xlog:disable -javaagent:c:\Users\alejandro\.vscode\extensions\redhat.java-1.33.0-win32-x64\lombok\lombok-1.18.33.jar -XX:+HeapDumpOnOutOfMemoryError -XX:HeapDumpPath=c:\Users\alejandro\AppData\Roaming\Code\User\workspaceStorage\23c7b77abcf922693b546ac731d52347\redhat.java -Daether.dependencyCollector.impl=bf 
java_command: c:\Users\alejandro\.vscode\extensions\redhat.java-1.33.0-win32-x64\server\plugins\org.eclipse.equinox.launcher_1.6.900.v20240613-2009.jar -configuration c:\Users\alejandro\AppData\Roaming\Code\User\globalStorage\redhat.java\1.33.0\config_win -data c:\Users\alejandro\AppData\Roaming\Code\User\workspaceStorage\23c7b77abcf922693b546ac731d52347\redhat.java\jdt_ws --pipe=\\.\pipe\lsp-c1002fd9772136defdee3f79bbe5eb4a-sock
java_class_path (initial): c:\Users\alejandro\.vscode\extensions\redhat.java-1.33.0-win32-x64\server\plugins\org.eclipse.equinox.launcher_1.6.900.v20240613-2009.jar
Launcher Type: SUN_STANDARD

[Global flags]
    uintx AdaptiveSizePolicyWeight                 = 90                                        {product} {command line}
     intx CICompilerCount                          = 3                                         {product} {ergonomic}
    uintx GCTimeRatio                              = 4                                         {product} {command line}
     bool HeapDumpOnOutOfMemoryError               = true                                   {manageable} {command line}
    ccstr HeapDumpPath                             = c:\Users\alejandro\AppData\Roaming\Code\User\workspaceStorage\23c7b77abcf922693b546ac731d52347\redhat.java         {manageable} {command line}
   size_t InitialHeapSize                          = 104857600                                 {product} {command line}
   size_t MaxHeapSize                              = 1073741824                                {product} {command line}
   size_t MaxNewSize                               = 357564416                                 {product} {ergonomic}
   size_t MinHeapDeltaBytes                        = 524288                                    {product} {ergonomic}
   size_t MinHeapSize                              = 104857600                                 {product} {command line}
   size_t NewSize                                  = 34603008                                  {product} {ergonomic}
    uintx NonNMethodCodeHeapSize                   = 5832780                                {pd product} {ergonomic}
    uintx NonProfiledCodeHeapSize                  = 122912730                              {pd product} {ergonomic}
   size_t OldSize                                  = 70254592                                  {product} {ergonomic}
    uintx ProfiledCodeHeapSize                     = 122912730                              {pd product} {ergonomic}
    uintx ReservedCodeCacheSize                    = 251658240                              {pd product} {ergonomic}
     bool SegmentedCodeCache                       = true                                      {product} {ergonomic}
   size_t SoftMaxHeapSize                          = 1073741824                             {manageable} {ergonomic}
     bool UseCompressedClassPointers               = true                           {product lp64_product} {ergonomic}
     bool UseCompressedOops                        = true                           {product lp64_product} {ergonomic}
     bool UseLargePagesIndividualAllocation        = false                                  {pd product} {ergonomic}
     bool UseParallelGC                            = true                                      {product} {command line}

Logging:
Log output configuration:
 #0: stdout all=off uptime,level,tags
 #1: stderr all=off uptime,level,tags

Environment Variables:
JAVA_HOME=C:\Program Files\Java\jdk-17.0.11
PATH=C:\Program Files\Common Files\Oracle\Java\javapath;C:\Program Files\Java\jre1.8.0_181;C:\Users\alejandro\AppData\Local\Android\Sdk\tools\bin;C:\Users\alejandro\AppData\Local\Android\Sdk\platform-tools;C:\Users\alejandro\AppData\Local\Android\Sdk\tools;C:\Program Files\apache-maven-3.6.0\bin;C:\Program Files (x86)\Common Files\Oracle\Java\javapath;C:\WINDOWS\system32;C:\WINDOWS;C:\WINDOWS\System32\Wbem;C:\WINDOWS\System32\WindowsPowerShell\v1.0\;C:\Program Files\Intel\WiFi\bin\;C:\Program Files\Common Files\Intel\WirelessCommon\;C:\WINDOWS\System32\OpenSSH\;C:\Program Files\Java\jdk-17.0.11\bin;C:\Users\alejandro\AppData\Local\Android\Sdk\platform_tools;C:\Users\alejandro\AppData\Local\Android\Sdk\tools;C:\Users\alejandro\AppData\Local\Android\Sdk\tools\bin;C:\sonar-scanner-4.2.0.1873-windows\bin;C:\Program Files\Microsoft SQL Server\Client SDK\ODBC\130\Tools\Binn\;C:\Program Files (x86)\Microsoft SQL Server\140\Tools\Binn\;C:\Program Files\Microsoft SQL Server\140\Tools\Binn\;C:\Program Files\Microsoft SQL Server\140\DTS\Binn\;C:\Program Files\Java\jdk-11.0.6\bin;C:\sonarqube-7.7;C:\ProgramData\chocolatey\bin;C:\Program Files\nodejs\;C:\Program Files\Microsoft SQL Server\Client SDK\ODBC\170\Tools\Binn\;C:\Users\alejandro\AppData\Roaming\npm;C:\Program Files\Microsoft SQL Server\130\Tools\Binn\;C:\Program Files\Java\jdk-17.0.11\bin;C:\Program Files\Git\cmd;C:\Program Files\Microsoft SQL Server\150\Tools\Binn\;C:\Program Files\dotnet\;C:\Archivos_Cucumber\gradle-8.8\bin;C:\Users\alejandro\Python\Scripts\;C:\Users\alejandro\Python\;C:\Users\alejandro\AppData\Local\Programs\Python\Python310\Scripts\;C:\Users\alejandro\AppData\Local\Programs\Python\Python310\;C:\Users\alejandro\AppData\Local\Microsoft\WindowsApps;C:\Users\alejandro\AppData\Roaming\npm;C:\Users\alejandro\AppData\Local\Microsoft\WindowsApps;C:\Program Files\JetBrains\PyCharm Community Edition 2023.3.3\bin;;C:\Program Files\JetBrains\IntelliJ IDEA 2024.1.1\bin;;C:\Users\alejandro\.dotnet\tools;C:\Users\al
USERNAME=alejandro
OS=Windows_NT
PROCESSOR_IDENTIFIER=Intel64 Family 6 Model 58 Stepping 9, GenuineIntel
TMP=C:\Users\ALEJAN~1\AppData\Local\Temp
TEMP=C:\Users\ALEJAN~1\AppData\Local\Temp



Periodic native trim disabled


---------------  S Y S T E M  ---------------

OS:
 Windows 10 , 64 bit Build 19041 (10.0.19041.4597)
OS uptime: 34 days 16:37 hours
Hyper-V role detected

CPU: total 4 (initial active 4) (2 cores per cpu, 2 threads per core) family 6 model 58 stepping 9 microcode 0x21, cx8, cmov, fxsr, ht, mmx, sse, sse2, sse3, ssse3, sse4.1, sse4.2, popcnt, tsc, tscinvbit, avx, aes, erms, clmul, vzeroupper, clflush, hv
Processor Information for all 4 processors :
  Max Mhz: 2501, Current Mhz: 2000, Mhz Limit: 1975

Memory: 4k page, system-wide physical 7888M (506M free)
TotalPageFile size 32464M (AvailPageFile size 9M)
current process WorkingSet (physical memory assigned to process): 108M, peak: 108M
current process commit charge ("private bytes"): 203M, peak: 204M

vm_info: OpenJDK 64-Bit Server VM (17.0.11+9) for windows-amd64 JRE (17.0.11+9), built on Apr 17 2024 06:07:48 by "admin" with MS VC++ 16.10 / 16.11 (VS2019)

END.
