#
# There is insufficient memory for the Java Runtime Environment to continue.
# Native memory allocation (malloc) failed to allocate 296496 bytes. Error detail: Chunk::new
# Possible reasons:
#   The system is out of physical RAM or swap space
#   This process is running with CompressedOops enabled, and the Java Heap may be blocking the growth of the native heap
# Possible solutions:
#   Reduce memory load on the system
#   Increase physical memory or swap space
#   Check if swap backing store is full
#   Decrease Java heap size (-Xmx/-Xms)
#   Decrease number of Java threads
#   Decrease Java thread stack sizes (-Xss)
#   Set larger code cache with -XX:ReservedCodeCacheSize=
#   JVM is running with Unscaled Compressed Oops mode in which the Java heap is
#     placed in the first 4GB address space. The Java Heap base address is the
#     maximum limit for the native heap growth. Please use -XX:HeapBaseMinAddress
#     to set the Java Heap base and to place the Java Heap above 4GB virtual address.
# This output file may be truncated or incomplete.
#
#  Out of Memory Error (arena.cpp:191), pid=19756, tid=21096
#
# JRE version: OpenJDK Runtime Environment Temurin-17.0.11+9 (17.0.11+9) (build 17.0.11+9)
# Java VM: OpenJDK 64-Bit Server VM Temurin-17.0.11+9 (17.0.11+9, mixed mode, tiered, compressed oops, compressed class ptrs, parallel gc, windows-amd64)
# No core dump will be written. Minidumps are not enabled by default on client versions of Windows
#

---------------  S U M M A R Y ------------

Command Line: --add-modules=ALL-SYSTEM --add-opens=java.base/java.util=ALL-UNNAMED --add-opens=java.base/java.lang=ALL-UNNAMED --add-opens=java.base/sun.nio.fs=ALL-UNNAMED -Declipse.application=org.eclipse.jdt.ls.core.id1 -Dosgi.bundles.defaultStartLevel=4 -Declipse.product=org.eclipse.jdt.ls.core.product -Djava.import.generatesMetadataFilesAtProjectRoot=false -DDetectVMInstallationsJob.disabled=true -Dfile.encoding=utf8 -XX:+UseParallelGC -XX:GCTimeRatio=4 -XX:AdaptiveSizePolicyWeight=90 -Dsun.zip.disableMemoryMapping=true -Xmx1G -Xms100m -Xlog:disable -javaagent:c:\Users\alejandro\.vscode\extensions\redhat.java-1.33.0-win32-x64\lombok\lombok-1.18.33.jar -XX:+HeapDumpOnOutOfMemoryError -XX:HeapDumpPath=c:\Users\alejandro\AppData\Roaming\Code\User\workspaceStorage\23c7b77abcf922693b546ac731d52347\redhat.java -Daether.dependencyCollector.impl=bf c:\Users\alejandro\.vscode\extensions\redhat.java-1.33.0-win32-x64\server\plugins\org.eclipse.equinox.launcher_1.6.900.v20240613-2009.jar -configuration c:\Users\alejandro\AppData\Roaming\Code\User\globalStorage\redhat.java\1.33.0\config_win -data c:\Users\alejandro\AppData\Roaming\Code\User\workspaceStorage\23c7b77abcf922693b546ac731d52347\redhat.java\jdt_ws --pipe=\\.\pipe\lsp-49e19ac968063e136d28f579bf27e74d-sock

Host: Intel(R) Core(TM) i7-3667U CPU @ 2.00GHz, 4 cores, 7G,  Windows 10 , 64 bit Build 19041 (10.0.19041.4597)
Time: Wed Aug 14 12:45:49 2024 Hora est. Sudamérica Pacífico elapsed time: 217.630890 seconds (0d 0h 3m 37s)

---------------  T H R E A D  ---------------

Current thread (0x00000209f5843540):  JavaThread "C2 CompilerThread0" daemon [_thread_in_native, id=21096, stack(0x0000006c01a00000,0x0000006c01b00000)]


Current CompileTask:
C2: 217631 10085       4       org.eclipse.jdt.internal.compiler.classfmt.MethodInfo::decodeMethodParameters (129 bytes)

Stack: [0x0000006c01a00000,0x0000006c01b00000]
Native frames: (J=compiled Java code, j=interpreted, Vv=VM code, C=native code)
V  [jvm.dll+0x67d429]
V  [jvm.dll+0x834b7a]
V  [jvm.dll+0x83663e]
V  [jvm.dll+0x836ca3]
V  [jvm.dll+0x247dbf]
V  [jvm.dll+0xac534]
V  [jvm.dll+0xacb7c]
V  [jvm.dll+0x2af2cf]
V  [jvm.dll+0x5848b7]
V  [jvm.dll+0x222d82]
V  [jvm.dll+0x21bf3f]
V  [jvm.dll+0x2197a1]
V  [jvm.dll+0x1a534d]
V  [jvm.dll+0x2295cd]
V  [jvm.dll+0x22779c]
V  [jvm.dll+0x7e9d07]
V  [jvm.dll+0x7e410a]
V  [jvm.dll+0x67c315]
C  [ucrtbase.dll+0x21bb2]
C  [KERNEL32.DLL+0x17374]
C  [ntdll.dll+0x4cc91]


---------------  P R O C E S S  ---------------

Threads class SMR info:
_java_thread_list=0x00000209fdbf1fa0, length=38, elements={
0x00000209f09d3260, 0x00000209f5812750, 0x00000209f5813ff0, 0x00000209f583c150,
0x00000209f583cfd0, 0x00000209f583de50, 0x00000209f5841930, 0x00000209f5843540,
0x00000209fa9eb220, 0x00000209fa9eff00, 0x00000209f0a37710, 0x00000209fac6f540,
0x00000209fac0cd30, 0x00000209fb0244a0, 0x00000209fb3ba7a0, 0x00000209fb9df800,
0x00000209fb77f060, 0x00000209faf0d480, 0x00000209faf0f2e0, 0x00000209faf0cf70,
0x00000209faf0ca60, 0x00000209faf0d990, 0x00000209faf0e3b0, 0x00000209fdef79e0,
0x00000209fdef4230, 0x00000209fdef7ef0, 0x00000209fdef6fc0, 0x00000209fdef4740,
0x00000209fdef65a0, 0x00000209fdef9d50, 0x00000209fdef6090, 0x00000209fdef6ab0,
0x00000209fdef8910, 0x00000209fdefa260, 0x00000209fdef8400, 0x00000209fdefb190,
0x00000209fdef9330, 0x00000209fdef9840
}

Java Threads: ( => current thread )
  0x00000209f09d3260 JavaThread "main" [_thread_blocked, id=28592, stack(0x0000006c01100000,0x0000006c01200000)]
  0x00000209f5812750 JavaThread "Reference Handler" daemon [_thread_blocked, id=26288, stack(0x0000006c01400000,0x0000006c01500000)]
  0x00000209f5813ff0 JavaThread "Finalizer" daemon [_thread_blocked, id=11848, stack(0x0000006c01500000,0x0000006c01600000)]
  0x00000209f583c150 JavaThread "Signal Dispatcher" daemon [_thread_blocked, id=344, stack(0x0000006c01600000,0x0000006c01700000)]
  0x00000209f583cfd0 JavaThread "Attach Listener" daemon [_thread_blocked, id=33764, stack(0x0000006c01700000,0x0000006c01800000)]
  0x00000209f583de50 JavaThread "Service Thread" daemon [_thread_blocked, id=20772, stack(0x0000006c01800000,0x0000006c01900000)]
  0x00000209f5841930 JavaThread "Monitor Deflation Thread" daemon [_thread_blocked, id=10700, stack(0x0000006c01900000,0x0000006c01a00000)]
=>0x00000209f5843540 JavaThread "C2 CompilerThread0" daemon [_thread_in_native, id=21096, stack(0x0000006c01a00000,0x0000006c01b00000)]
  0x00000209fa9eb220 JavaThread "C1 CompilerThread0" daemon [_thread_blocked, id=28316, stack(0x0000006c01b00000,0x0000006c01c00000)]
  0x00000209fa9eff00 JavaThread "Sweeper thread" daemon [_thread_blocked, id=20412, stack(0x0000006c01c00000,0x0000006c01d00000)]
  0x00000209f0a37710 JavaThread "Common-Cleaner" daemon [_thread_blocked, id=33420, stack(0x0000006c01d00000,0x0000006c01e00000)]
  0x00000209fac6f540 JavaThread "Notification Thread" daemon [_thread_blocked, id=28900, stack(0x0000006c01e00000,0x0000006c01f00000)]
  0x00000209fac0cd30 JavaThread "Active Thread: Equinox Container: 5eb17447-95cb-4158-9f93-5a6889f7b8a1" [_thread_blocked, id=29616, stack(0x0000006c02300000,0x0000006c02400000)]
  0x00000209fb0244a0 JavaThread "Framework Event Dispatcher: Equinox Container: 5eb17447-95cb-4158-9f93-5a6889f7b8a1" daemon [_thread_blocked, id=18600, stack(0x0000006c02400000,0x0000006c02500000)]
  0x00000209fb3ba7a0 JavaThread "Start Level: Equinox Container: 5eb17447-95cb-4158-9f93-5a6889f7b8a1" daemon [_thread_blocked, id=31904, stack(0x0000006c02500000,0x0000006c02600000)]
  0x00000209fb9df800 JavaThread "Bundle File Closer" daemon [_thread_blocked, id=15520, stack(0x0000006c02600000,0x0000006c02700000)]
  0x00000209fb77f060 JavaThread "SCR Component Actor" daemon [_thread_blocked, id=4788, stack(0x0000006c02700000,0x0000006c02800000)]
  0x00000209faf0d480 JavaThread "Worker-JM" [_thread_blocked, id=15272, stack(0x0000006c02900000,0x0000006c02a00000)]
  0x00000209faf0f2e0 JavaThread "JNA Cleaner" daemon [_thread_blocked, id=29280, stack(0x0000006c02a00000,0x0000006c02b00000)]
  0x00000209faf0cf70 JavaThread "Worker-2: Java indexing... " [_thread_blocked, id=5532, stack(0x0000006c02d00000,0x0000006c02e00000)]
  0x00000209faf0ca60 JavaThread "Java indexing" daemon [_thread_in_Java, id=24760, stack(0x0000006c03000000,0x0000006c03100000)]
  0x00000209faf0d990 JavaThread "Thread-2" daemon [_thread_in_native, id=30472, stack(0x0000006c03100000,0x0000006c03200000)]
  0x00000209faf0e3b0 JavaThread "Thread-3" daemon [_thread_in_native, id=13060, stack(0x0000006c03200000,0x0000006c03300000)]
  0x00000209fdef79e0 JavaThread "Thread-4" daemon [_thread_in_native, id=29204, stack(0x0000006c03300000,0x0000006c03400000)]
  0x00000209fdef4230 JavaThread "Thread-5" daemon [_thread_in_native, id=14636, stack(0x0000006c03400000,0x0000006c03500000)]
  0x00000209fdef7ef0 JavaThread "Thread-6" daemon [_thread_in_native, id=14168, stack(0x0000006c03500000,0x0000006c03600000)]
  0x00000209fdef6fc0 JavaThread "pool-2-thread-1" [_thread_blocked, id=25232, stack(0x0000006c03600000,0x0000006c03700000)]
  0x00000209fdef4740 JavaThread "WorkspaceEventsHandler" [_thread_blocked, id=28160, stack(0x0000006c03700000,0x0000006c03800000)]
  0x00000209fdef65a0 JavaThread "pool-1-thread-1" [_thread_blocked, id=31628, stack(0x0000006c03800000,0x0000006c03900000)]
  0x00000209fdef9d50 JavaThread "pool-3-thread-1" [_thread_blocked, id=28956, stack(0x0000006c03900000,0x0000006c03a00000)]
  0x00000209fdef6090 JavaThread "Worker-6" [_thread_blocked, id=22364, stack(0x0000006c03a00000,0x0000006c03b00000)]
  0x00000209fdef6ab0 JavaThread "ForkJoinPool.commonPool-worker-1" daemon [_thread_blocked, id=11436, stack(0x0000006c03b00000,0x0000006c03c00000)]
  0x00000209fdef8910 JavaThread "ForkJoinPool.commonPool-worker-2" daemon [_thread_blocked, id=22416, stack(0x0000006c03c00000,0x0000006c03d00000)]
  0x00000209fdefa260 JavaThread "ForkJoinPool.commonPool-worker-3" daemon [_thread_blocked, id=18728, stack(0x0000006c00f00000,0x0000006c01000000)]
  0x00000209fdef8400 JavaThread "Compiler Source File Reader" daemon [_thread_blocked, id=29880, stack(0x0000006c03e00000,0x0000006c03f00000)]
  0x00000209fdefb190 JavaThread "Compiler Source File Reader" daemon [_thread_blocked, id=30968, stack(0x0000006c03f00000,0x0000006c04000000)]
  0x00000209fdef9330 JavaThread "Cleaner-0" daemon [_thread_blocked, id=5672, stack(0x0000006c04100000,0x0000006c04200000)]
  0x00000209fdef9840 JavaThread "Worker-7" [_thread_blocked, id=11892, stack(0x0000006c01000000,0x0000006c01100000)]

Other Threads:
  0x00000209f0a8ece0 VMThread "VM Thread" [stack: 0x0000006c01300000,0x0000006c01400000] [id=32948]
  0x00000209fac82100 WatcherThread [stack: 0x0000006c01f00000,0x0000006c02000000] [id=24416]
  0x00000209f09e96d0 GCTaskThread "GC Thread#0" [stack: 0x0000006c01200000,0x0000006c01300000] [id=14720]
  0x00000209fb4cb050 GCTaskThread "GC Thread#1" [stack: 0x0000006c02000000,0x0000006c02100000] [id=9664]
  0x00000209fb4cb720 GCTaskThread "GC Thread#2" [stack: 0x0000006c02100000,0x0000006c02200000] [id=21828]
  0x00000209fb4cb9e0 GCTaskThread "GC Thread#3" [stack: 0x0000006c02200000,0x0000006c02300000] [id=29728]

Threads with active compile tasks:
C2 CompilerThread0   217696 10085       4       org.eclipse.jdt.internal.compiler.classfmt.MethodInfo::decodeMethodParameters (129 bytes)

VM state: not at safepoint (normal execution)

VM Mutex/Monitor currently owned by a thread: None

Heap address: 0x00000000c0000000, size: 1024 MB, Compressed Oops mode: 32-bit

CDS archive(s) not mapped
Compressed class space mapped at: 0x0000000100000000-0x0000000140000000, reserved size: 1073741824
Narrow klass base: 0x0000000000000000, Narrow klass shift: 3, Narrow klass range: 0x140000000

GC Precious Log:
 CPUs: 4 total, 4 available
 Memory: 7888M
 Large Page Support: Disabled
 NUMA Support: Disabled
 Compressed Oops: Enabled (32-bit)
 Alignments: Space 512K, Generation 512K, Heap 2M
 Heap Min Capacity: 100M
 Heap Initial Capacity: 100M
 Heap Max Capacity: 1G
 Pre-touch: Disabled
 Parallel Workers: 4

Heap:
 PSYoungGen      total 16896K, used 10788K [0x00000000eab00000, 0x00000000ec080000, 0x0000000100000000)
  eden space 11776K, 51% used [0x00000000eab00000,0x00000000eb0f3f80,0x00000000eb680000)
  from space 5120K, 96% used [0x00000000ebb80000,0x00000000ec04f4f0,0x00000000ec080000)
  to   space 5120K, 0% used [0x00000000eb680000,0x00000000eb680000,0x00000000ebb80000)
 ParOldGen       total 399872K, used 378679K [0x00000000c0000000, 0x00000000d8680000, 0x00000000eab00000)
  object space 399872K, 94% used [0x00000000c0000000,0x00000000d71cdd28,0x00000000d8680000)
 Metaspace       used 70621K, committed 71808K, reserved 1114112K
  class space    used 7357K, committed 7872K, reserved 1048576K

Card table byte_map: [0x00000209f0370000,0x00000209f0580000] _byte_map_base: 0x00000209efd70000

Marking Bits: (ParMarkBitMap*) 0x00007fff7005d820
 Begin Bits: [0x00000209f3670000, 0x00000209f4670000)
 End Bits:   [0x00000209f4670000, 0x00000209f5670000)

Polling page: 0x00000209ee900000

Metaspace:

Usage:
  Non-class:     61.78 MB used.
      Class:      7.18 MB used.
       Both:     68.97 MB used.

Virtual space:
  Non-class space:       64.00 MB reserved,      62.44 MB ( 98%) committed,  1 nodes.
      Class space:        1.00 GB reserved,       7.69 MB ( <1%) committed,  1 nodes.
             Both:        1.06 GB reserved,      70.12 MB (  6%) committed. 

Chunk freelists:
   Non-Class:  976.00 KB
       Class:  8.27 MB
        Both:  9.22 MB

MaxMetaspaceSize: unlimited
CompressedClassSpaceSize: 1.00 GB
Initial GC threshold: 21.00 MB
Current GC threshold: 116.69 MB
CDS: off
MetaspaceReclaimPolicy: balanced
 - commit_granule_bytes: 65536.
 - commit_granule_words: 8192.
 - virtual_space_node_default_size: 8388608.
 - enlarge_chunks_in_place: 1.
 - new_chunks_are_fully_committed: 0.
 - uncommit_free_chunks: 1.
 - use_allocation_guard: 0.
 - handle_deallocations: 1.


Internal statistics:

num_allocs_failed_limit: 9.
num_arena_births: 698.
num_arena_deaths: 14.
num_vsnodes_births: 2.
num_vsnodes_deaths: 0.
num_space_committed: 1122.
num_space_uncommitted: 0.
num_chunks_returned_to_freelist: 23.
num_chunks_taken_from_freelist: 3594.
num_chunk_merges: 14.
num_chunk_splits: 2230.
num_chunks_enlarged: 1293.
num_inconsistent_stats: 0.

CodeHeap 'non-profiled nmethods': size=120000Kb used=7295Kb max_used=7295Kb free=112704Kb
 bounds [0x0000020987ad0000, 0x00000209881f0000, 0x000002098f000000]
CodeHeap 'profiled nmethods': size=120000Kb used=18003Kb max_used=18824Kb free=101996Kb
 bounds [0x0000020980000000, 0x0000020981270000, 0x0000020987530000]
CodeHeap 'non-nmethods': size=5760Kb used=1387Kb max_used=1474Kb free=4372Kb
 bounds [0x0000020987530000, 0x00000209877a0000, 0x0000020987ad0000]
 total_blobs=8965 nmethods=8222 adapters=655
 compilation: enabled
              stopped_count=0, restarted_count=0
 full_count=0

Compilation events (20 events):
Event: 215.603 Thread 0x00000209fa9eb220 nmethod 10075 0x0000020980f27190 code [0x0000020980f27340, 0x0000020980f27538]
Event: 215.604 Thread 0x00000209fa9eb220 10076       3       org.eclipse.core.runtime.NullProgressMonitor::done (1 bytes)
Event: 215.604 Thread 0x00000209fa9eb220 nmethod 10076 0x0000020980c91810 code [0x0000020980c919a0, 0x0000020980c91ab8]
Event: 215.604 Thread 0x00000209fa9eb220 10077       3       org.eclipse.core.runtime.Status::matches (13 bytes)
Event: 215.604 Thread 0x00000209fa9eb220 nmethod 10077 0x0000020980ca7210 code [0x0000020980ca73a0, 0x0000020980ca7518]
Event: 215.707 Thread 0x00000209fa9eb220 10078   !   3       org.eclipse.core.internal.jobs.JobManager::shouldRun (34 bytes)
Event: 215.707 Thread 0x00000209fa9eb220 nmethod 10078 0x0000020980f87990 code [0x0000020980f87b80, 0x0000020980f88068]
Event: 215.708 Thread 0x00000209fa9eb220 10079       3       org.eclipse.core.internal.jobs.JobListeners::queueAboutToRun (17 bytes)
Event: 215.708 Thread 0x00000209fa9eb220 nmethod 10079 0x0000020980ceaa90 code [0x0000020980ceac40, 0x0000020980ceaf18]
Event: 215.861 Thread 0x00000209fa9eb220 10080       3       java.lang.Throwable::<init> (29 bytes)
Event: 215.861 Thread 0x00000209fa9eb220 nmethod 10080 0x0000020980cea590 code [0x0000020980cea740, 0x0000020980cea9a8]
Event: 216.114 Thread 0x00000209fa9eb220 10081   !   3       org.eclipse.jdt.internal.core.search.indexing.IndexNamesRegistry::write (28 bytes)
Event: 216.115 Thread 0x00000209fa9eb220 nmethod 10081 0x0000020980e71f90 code [0x0000020980e72160, 0x0000020980e72578]
Event: 217.057 Thread 0x00000209fa9eb220 10082       3       java.lang.Exception::<init> (5 bytes)
Event: 217.058 Thread 0x00000209fa9eb220 nmethod 10082 0x0000020980ed5510 code [0x0000020980ed56c0, 0x0000020980ed5988]
Event: 217.075 Thread 0x00000209fa9eb220 10083       3       org.eclipse.core.runtime.SubMonitor::setWorkRemaining (140 bytes)
Event: 217.076 Thread 0x00000209fa9eb220 nmethod 10083 0x00000209804a0b10 code [0x00000209804a0ce0, 0x00000209804a10e8]
Event: 217.566 Thread 0x00000209f5843540 10084       4       java.util.concurrent.locks.ReentrantLock$Sync::tryLockNanos (36 bytes)
Event: 217.570 Thread 0x00000209f5843540 nmethod 10084 0x00000209881ef790 code [0x00000209881ef920, 0x00000209881efac8]
Event: 217.591 Thread 0x00000209f5843540 10085       4       org.eclipse.jdt.internal.compiler.classfmt.MethodInfo::decodeMethodParameters (129 bytes)

GC Heap History (20 events):
Event: 208.843 GC heap after
{Heap after GC invocations=271 (full 9):
 PSYoungGen      total 20480K, used 7150K [0x00000000eab00000, 0x00000000ec900000, 0x0000000100000000)
  eden space 13312K, 0% used [0x00000000eab00000,0x00000000eab00000,0x00000000eb800000)
  from space 7168K, 99% used [0x00000000ec000000,0x00000000ec6fb818,0x00000000ec700000)
  to   space 8192K, 0% used [0x00000000eb800000,0x00000000eb800000,0x00000000ec000000)
 ParOldGen       total 399872K, used 370531K [0x00000000c0000000, 0x00000000d8680000, 0x00000000eab00000)
  object space 399872K, 92% used [0x00000000c0000000,0x00000000d69d8f48,0x00000000d8680000)
 Metaspace       used 70616K, committed 71808K, reserved 1114112K
  class space    used 7357K, committed 7872K, reserved 1048576K
}
Event: 208.931 GC heap before
{Heap before GC invocations=272 (full 9):
 PSYoungGen      total 20480K, used 20462K [0x00000000eab00000, 0x00000000ec900000, 0x0000000100000000)
  eden space 13312K, 100% used [0x00000000eab00000,0x00000000eb800000,0x00000000eb800000)
  from space 7168K, 99% used [0x00000000ec000000,0x00000000ec6fb818,0x00000000ec700000)
  to   space 8192K, 0% used [0x00000000eb800000,0x00000000eb800000,0x00000000ec000000)
 ParOldGen       total 399872K, used 370531K [0x00000000c0000000, 0x00000000d8680000, 0x00000000eab00000)
  object space 399872K, 92% used [0x00000000c0000000,0x00000000d69d8f48,0x00000000d8680000)
 Metaspace       used 70616K, committed 71808K, reserved 1114112K
  class space    used 7357K, committed 7872K, reserved 1048576K
}
Event: 208.941 GC heap after
{Heap after GC invocations=272 (full 9):
 PSYoungGen      total 21504K, used 6894K [0x00000000eab00000, 0x00000000ec880000, 0x0000000100000000)
  eden space 13312K, 0% used [0x00000000eab00000,0x00000000eab00000,0x00000000eb800000)
  from space 8192K, 84% used [0x00000000eb800000,0x00000000ebebb818,0x00000000ec000000)
  to   space 7680K, 0% used [0x00000000ec100000,0x00000000ec100000,0x00000000ec880000)
 ParOldGen       total 399872K, used 372187K [0x00000000c0000000, 0x00000000d8680000, 0x00000000eab00000)
  object space 399872K, 93% used [0x00000000c0000000,0x00000000d6b76f48,0x00000000d8680000)
 Metaspace       used 70616K, committed 71808K, reserved 1114112K
  class space    used 7357K, committed 7872K, reserved 1048576K
}
Event: 209.114 GC heap before
{Heap before GC invocations=273 (full 9):
 PSYoungGen      total 21504K, used 20206K [0x00000000eab00000, 0x00000000ec880000, 0x0000000100000000)
  eden space 13312K, 100% used [0x00000000eab00000,0x00000000eb800000,0x00000000eb800000)
  from space 8192K, 84% used [0x00000000eb800000,0x00000000ebebb818,0x00000000ec000000)
  to   space 7680K, 0% used [0x00000000ec100000,0x00000000ec100000,0x00000000ec880000)
 ParOldGen       total 399872K, used 372187K [0x00000000c0000000, 0x00000000d8680000, 0x00000000eab00000)
  object space 399872K, 93% used [0x00000000c0000000,0x00000000d6b76f48,0x00000000d8680000)
 Metaspace       used 70616K, committed 71808K, reserved 1114112K
  class space    used 7357K, committed 7872K, reserved 1048576K
}
Event: 209.127 GC heap after
{Heap after GC invocations=273 (full 9):
 PSYoungGen      total 19456K, used 7674K [0x00000000eab00000, 0x00000000ece80000, 0x0000000100000000)
  eden space 11776K, 0% used [0x00000000eab00000,0x00000000eab00000,0x00000000eb680000)
  from space 7680K, 99% used [0x00000000ec100000,0x00000000ec87ea28,0x00000000ec880000)
  to   space 10752K, 0% used [0x00000000eb680000,0x00000000eb680000,0x00000000ec100000)
 ParOldGen       total 399872K, used 374647K [0x00000000c0000000, 0x00000000d8680000, 0x00000000eab00000)
  object space 399872K, 93% used [0x00000000c0000000,0x00000000d6dddd28,0x00000000d8680000)
 Metaspace       used 70616K, committed 71808K, reserved 1114112K
  class space    used 7357K, committed 7872K, reserved 1048576K
}
Event: 209.848 GC heap before
{Heap before GC invocations=274 (full 9):
 PSYoungGen      total 19456K, used 19450K [0x00000000eab00000, 0x00000000ece80000, 0x0000000100000000)
  eden space 11776K, 100% used [0x00000000eab00000,0x00000000eb680000,0x00000000eb680000)
  from space 7680K, 99% used [0x00000000ec100000,0x00000000ec87ea28,0x00000000ec880000)
  to   space 10752K, 0% used [0x00000000eb680000,0x00000000eb680000,0x00000000ec100000)
 ParOldGen       total 399872K, used 374647K [0x00000000c0000000, 0x00000000d8680000, 0x00000000eab00000)
  object space 399872K, 93% used [0x00000000c0000000,0x00000000d6dddd28,0x00000000d8680000)
 Metaspace       used 70619K, committed 71808K, reserved 1114112K
  class space    used 7357K, committed 7872K, reserved 1048576K
}
Event: 209.859 GC heap after
{Heap after GC invocations=274 (full 9):
 PSYoungGen      total 18432K, used 6200K [0x00000000eab00000, 0x00000000ec680000, 0x0000000100000000)
  eden space 11776K, 0% used [0x00000000eab00000,0x00000000eab00000,0x00000000eb680000)
  from space 6656K, 93% used [0x00000000eb680000,0x00000000ebc8e0b8,0x00000000ebd00000)
  to   space 7680K, 0% used [0x00000000ebf00000,0x00000000ebf00000,0x00000000ec680000)
 ParOldGen       total 399872K, used 376215K [0x00000000c0000000, 0x00000000d8680000, 0x00000000eab00000)
  object space 399872K, 94% used [0x00000000c0000000,0x00000000d6f65d28,0x00000000d8680000)
 Metaspace       used 70619K, committed 71808K, reserved 1114112K
  class space    used 7357K, committed 7872K, reserved 1048576K
}
Event: 210.039 GC heap before
{Heap before GC invocations=275 (full 9):
 PSYoungGen      total 18432K, used 17976K [0x00000000eab00000, 0x00000000ec680000, 0x0000000100000000)
  eden space 11776K, 100% used [0x00000000eab00000,0x00000000eb680000,0x00000000eb680000)
  from space 6656K, 93% used [0x00000000eb680000,0x00000000ebc8e0b8,0x00000000ebd00000)
  to   space 7680K, 0% used [0x00000000ebf00000,0x00000000ebf00000,0x00000000ec680000)
 ParOldGen       total 399872K, used 376215K [0x00000000c0000000, 0x00000000d8680000, 0x00000000eab00000)
  object space 399872K, 94% used [0x00000000c0000000,0x00000000d6f65d28,0x00000000d8680000)
 Metaspace       used 70619K, committed 71808K, reserved 1114112K
  class space    used 7357K, committed 7872K, reserved 1048576K
}
Event: 210.047 GC heap after
{Heap after GC invocations=275 (full 9):
 PSYoungGen      total 17920K, used 6106K [0x00000000eab00000, 0x00000000ec500000, 0x0000000100000000)
  eden space 11776K, 0% used [0x00000000eab00000,0x00000000eab00000,0x00000000eb680000)
  from space 6144K, 99% used [0x00000000ebf00000,0x00000000ec4f6b58,0x00000000ec500000)
  to   space 6656K, 0% used [0x00000000eb800000,0x00000000eb800000,0x00000000ebe80000)
 ParOldGen       total 399872K, used 376215K [0x00000000c0000000, 0x00000000d8680000, 0x00000000eab00000)
  object space 399872K, 94% used [0x00000000c0000000,0x00000000d6f65d28,0x00000000d8680000)
 Metaspace       used 70619K, committed 71808K, reserved 1114112K
  class space    used 7357K, committed 7872K, reserved 1048576K
}
Event: 210.283 GC heap before
{Heap before GC invocations=276 (full 9):
 PSYoungGen      total 17920K, used 17882K [0x00000000eab00000, 0x00000000ec500000, 0x0000000100000000)
  eden space 11776K, 100% used [0x00000000eab00000,0x00000000eb680000,0x00000000eb680000)
  from space 6144K, 99% used [0x00000000ebf00000,0x00000000ec4f6b58,0x00000000ec500000)
  to   space 6656K, 0% used [0x00000000eb800000,0x00000000eb800000,0x00000000ebe80000)
 ParOldGen       total 399872K, used 376215K [0x00000000c0000000, 0x00000000d8680000, 0x00000000eab00000)
  object space 399872K, 94% used [0x00000000c0000000,0x00000000d6f65d28,0x00000000d8680000)
 Metaspace       used 70619K, committed 71808K, reserved 1114112K
  class space    used 7357K, committed 7872K, reserved 1048576K
}
Event: 210.292 GC heap after
{Heap after GC invocations=276 (full 9):
 PSYoungGen      total 18432K, used 6593K [0x00000000eab00000, 0x00000000ec480000, 0x0000000100000000)
  eden space 11776K, 0% used [0x00000000eab00000,0x00000000eab00000,0x00000000eb680000)
  from space 6656K, 99% used [0x00000000eb800000,0x00000000ebe70668,0x00000000ebe80000)
  to   space 6144K, 0% used [0x00000000ebe80000,0x00000000ebe80000,0x00000000ec480000)
 ParOldGen       total 399872K, used 376215K [0x00000000c0000000, 0x00000000d8680000, 0x00000000eab00000)
  object space 399872K, 94% used [0x00000000c0000000,0x00000000d6f65d28,0x00000000d8680000)
 Metaspace       used 70619K, committed 71808K, reserved 1114112K
  class space    used 7357K, committed 7872K, reserved 1048576K
}
Event: 211.620 GC heap before
{Heap before GC invocations=277 (full 9):
 PSYoungGen      total 18432K, used 18369K [0x00000000eab00000, 0x00000000ec480000, 0x0000000100000000)
  eden space 11776K, 100% used [0x00000000eab00000,0x00000000eb680000,0x00000000eb680000)
  from space 6656K, 99% used [0x00000000eb800000,0x00000000ebe70668,0x00000000ebe80000)
  to   space 6144K, 0% used [0x00000000ebe80000,0x00000000ebe80000,0x00000000ec480000)
 ParOldGen       total 399872K, used 376215K [0x00000000c0000000, 0x00000000d8680000, 0x00000000eab00000)
  object space 399872K, 94% used [0x00000000c0000000,0x00000000d6f65d28,0x00000000d8680000)
 Metaspace       used 70619K, committed 71808K, reserved 1114112K
  class space    used 7357K, committed 7872K, reserved 1048576K
}
Event: 211.629 GC heap after
{Heap after GC invocations=277 (full 9):
 PSYoungGen      total 17920K, used 6128K [0x00000000eab00000, 0x00000000ec580000, 0x0000000100000000)
  eden space 11776K, 0% used [0x00000000eab00000,0x00000000eab00000,0x00000000eb680000)
  from space 6144K, 99% used [0x00000000ebe80000,0x00000000ec47c060,0x00000000ec480000)
  to   space 7680K, 0% used [0x00000000eb680000,0x00000000eb680000,0x00000000ebe00000)
 ParOldGen       total 399872K, used 377279K [0x00000000c0000000, 0x00000000d8680000, 0x00000000eab00000)
  object space 399872K, 94% used [0x00000000c0000000,0x00000000d706fd28,0x00000000d8680000)
 Metaspace       used 70619K, committed 71808K, reserved 1114112K
  class space    used 7357K, committed 7872K, reserved 1048576K
}
Event: 213.171 GC heap before
{Heap before GC invocations=278 (full 9):
 PSYoungGen      total 17920K, used 17904K [0x00000000eab00000, 0x00000000ec580000, 0x0000000100000000)
  eden space 11776K, 100% used [0x00000000eab00000,0x00000000eb680000,0x00000000eb680000)
  from space 6144K, 99% used [0x00000000ebe80000,0x00000000ec47c060,0x00000000ec480000)
  to   space 7680K, 0% used [0x00000000eb680000,0x00000000eb680000,0x00000000ebe00000)
 ParOldGen       total 399872K, used 377279K [0x00000000c0000000, 0x00000000d8680000, 0x00000000eab00000)
  object space 399872K, 94% used [0x00000000c0000000,0x00000000d706fd28,0x00000000d8680000)
 Metaspace       used 70620K, committed 71808K, reserved 1114112K
  class space    used 7357K, committed 7872K, reserved 1048576K
}
Event: 213.182 GC heap after
{Heap after GC invocations=278 (full 9):
 PSYoungGen      total 17920K, used 6044K [0x00000000eab00000, 0x00000000ec380000, 0x0000000100000000)
  eden space 11776K, 0% used [0x00000000eab00000,0x00000000eab00000,0x00000000eb680000)
  from space 6144K, 98% used [0x00000000eb680000,0x00000000ebc673d8,0x00000000ebc80000)
  to   space 6656K, 0% used [0x00000000ebd00000,0x00000000ebd00000,0x00000000ec380000)
 ParOldGen       total 399872K, used 378679K [0x00000000c0000000, 0x00000000d8680000, 0x00000000eab00000)
  object space 399872K, 94% used [0x00000000c0000000,0x00000000d71cdd28,0x00000000d8680000)
 Metaspace       used 70620K, committed 71808K, reserved 1114112K
  class space    used 7357K, committed 7872K, reserved 1048576K
}
Event: 215.667 GC heap before
{Heap before GC invocations=279 (full 9):
 PSYoungGen      total 17920K, used 17820K [0x00000000eab00000, 0x00000000ec380000, 0x0000000100000000)
  eden space 11776K, 100% used [0x00000000eab00000,0x00000000eb680000,0x00000000eb680000)
  from space 6144K, 98% used [0x00000000eb680000,0x00000000ebc673d8,0x00000000ebc80000)
  to   space 6656K, 0% used [0x00000000ebd00000,0x00000000ebd00000,0x00000000ec380000)
 ParOldGen       total 399872K, used 378679K [0x00000000c0000000, 0x00000000d8680000, 0x00000000eab00000)
  object space 399872K, 94% used [0x00000000c0000000,0x00000000d71cdd28,0x00000000d8680000)
 Metaspace       used 70621K, committed 71808K, reserved 1114112K
  class space    used 7357K, committed 7872K, reserved 1048576K
}
Event: 215.674 GC heap after
{Heap after GC invocations=279 (full 9):
 PSYoungGen      total 16384K, used 4494K [0x00000000eab00000, 0x00000000ec180000, 0x0000000100000000)
  eden space 11776K, 0% used [0x00000000eab00000,0x00000000eab00000,0x00000000eb680000)
  from space 4608K, 97% used [0x00000000ebd00000,0x00000000ec163b28,0x00000000ec180000)
  to   space 5632K, 0% used [0x00000000eb680000,0x00000000eb680000,0x00000000ebc00000)
 ParOldGen       total 399872K, used 378679K [0x00000000c0000000, 0x00000000d8680000, 0x00000000eab00000)
  object space 399872K, 94% used [0x00000000c0000000,0x00000000d71cdd28,0x00000000d8680000)
 Metaspace       used 70621K, committed 71808K, reserved 1114112K
  class space    used 7357K, committed 7872K, reserved 1048576K
}
Event: 217.355 GC heap before
{Heap before GC invocations=280 (full 9):
 PSYoungGen      total 16384K, used 16270K [0x00000000eab00000, 0x00000000ec180000, 0x0000000100000000)
  eden space 11776K, 100% used [0x00000000eab00000,0x00000000eb680000,0x00000000eb680000)
  from space 4608K, 97% used [0x00000000ebd00000,0x00000000ec163b28,0x00000000ec180000)
  to   space 5632K, 0% used [0x00000000eb680000,0x00000000eb680000,0x00000000ebc00000)
 ParOldGen       total 399872K, used 378679K [0x00000000c0000000, 0x00000000d8680000, 0x00000000eab00000)
  object space 399872K, 94% used [0x00000000c0000000,0x00000000d71cdd28,0x00000000d8680000)
 Metaspace       used 70621K, committed 71808K, reserved 1114112K
  class space    used 7357K, committed 7872K, reserved 1048576K
}
Event: 217.363 GC heap after
{Heap after GC invocations=280 (full 9):
 PSYoungGen      total 16896K, used 5000K [0x00000000eab00000, 0x00000000ec080000, 0x0000000100000000)
  eden space 11776K, 0% used [0x00000000eab00000,0x00000000eab00000,0x00000000eb680000)
  from space 5120K, 97% used [0x00000000eb680000,0x00000000ebb620b8,0x00000000ebb80000)
  to   space 5120K, 0% used [0x00000000ebb80000,0x00000000ebb80000,0x00000000ec080000)
 ParOldGen       total 399872K, used 378679K [0x00000000c0000000, 0x00000000d8680000, 0x00000000eab00000)
  object space 399872K, 94% used [0x00000000c0000000,0x00000000d71cdd28,0x00000000d8680000)
 Metaspace       used 70621K, committed 71808K, reserved 1114112K
  class space    used 7357K, committed 7872K, reserved 1048576K
}
Event: 217.616 GC heap before
{Heap before GC invocations=281 (full 9):
 PSYoungGen      total 16896K, used 16776K [0x00000000eab00000, 0x00000000ec080000, 0x0000000100000000)
  eden space 11776K, 100% used [0x00000000eab00000,0x00000000eb680000,0x00000000eb680000)
  from space 5120K, 97% used [0x00000000eb680000,0x00000000ebb620b8,0x00000000ebb80000)
  to   space 5120K, 0% used [0x00000000ebb80000,0x00000000ebb80000,0x00000000ec080000)
 ParOldGen       total 399872K, used 378679K [0x00000000c0000000, 0x00000000d8680000, 0x00000000eab00000)
  object space 399872K, 94% used [0x00000000c0000000,0x00000000d71cdd28,0x00000000d8680000)
 Metaspace       used 70621K, committed 71808K, reserved 1114112K
  class space    used 7357K, committed 7872K, reserved 1048576K
}

Dll operation events (10 events):
Event: 0.025 Loaded shared library c:\Users\alejandro\.vscode\extensions\redhat.java-1.33.0-win32-x64\jre\17.0.11-win32-x86_64\bin\java.dll
Event: 1.339 Loaded shared library c:\Users\alejandro\.vscode\extensions\redhat.java-1.33.0-win32-x64\jre\17.0.11-win32-x86_64\bin\zip.dll
Event: 1.356 Loaded shared library C:\Users\alejandro\.vscode\extensions\redhat.java-1.33.0-win32-x64\jre\17.0.11-win32-x86_64\bin\instrument.dll
Event: 1.440 Loaded shared library C:\Users\alejandro\.vscode\extensions\redhat.java-1.33.0-win32-x64\jre\17.0.11-win32-x86_64\bin\net.dll
Event: 1.445 Loaded shared library C:\Users\alejandro\.vscode\extensions\redhat.java-1.33.0-win32-x64\jre\17.0.11-win32-x86_64\bin\nio.dll
Event: 1.517 Loaded shared library C:\Users\alejandro\.vscode\extensions\redhat.java-1.33.0-win32-x64\jre\17.0.11-win32-x86_64\bin\zip.dll
Event: 1.586 Loaded shared library C:\Users\alejandro\.vscode\extensions\redhat.java-1.33.0-win32-x64\jre\17.0.11-win32-x86_64\bin\jimage.dll
Event: 2.184 Loaded shared library c:\Users\alejandro\.vscode\extensions\redhat.java-1.33.0-win32-x64\jre\17.0.11-win32-x86_64\bin\verify.dll
Event: 10.300 Loaded shared library C:\Users\alejandro\AppData\Roaming\Code\User\globalStorage\redhat.java\1.33.0\config_win\org.eclipse.equinox.launcher\org.eclipse.equinox.launcher.win32.win32.x86_64_1.2.1100.v20240722-2106\eclipse_11904.dll
Event: 19.508 Loaded shared library C:\Users\alejandro\AppData\Local\Temp\jna--1708229052\jna8842917931620866236.dll

Deoptimization events (20 events):
Event: 207.069 Thread 0x00000209faf0ca60 DEOPT PACKING pc=0x0000020987df530c sp=0x0000006c030fef20
Event: 207.069 Thread 0x00000209faf0ca60 DEOPT UNPACKING pc=0x00000209875866a3 sp=0x0000006c030feeb0 mode 2
Event: 207.970 Thread 0x00000209faf0ca60 Uncommon trap: trap_request=0xffffff45 fr.pc=0x00000209881cfc68 relative=0x0000000000001f68
Event: 207.970 Thread 0x00000209faf0ca60 Uncommon trap: reason=unstable_if action=reinterpret pc=0x00000209881cfc68 method=org.eclipse.jdt.internal.compiler.classfmt.MethodInfo.createMethod([B[IIJ)Lorg/eclipse/jdt/internal/compiler/classfmt/MethodInfo; @ 357 c2
Event: 207.970 Thread 0x00000209faf0ca60 DEOPT PACKING pc=0x00000209881cfc68 sp=0x0000006c030fefc0
Event: 207.970 Thread 0x00000209faf0ca60 DEOPT UNPACKING pc=0x00000209875866a3 sp=0x0000006c030fef50 mode 2
Event: 208.419 Thread 0x00000209faf0ca60 Uncommon trap: trap_request=0xffffff45 fr.pc=0x00000209881c5090 relative=0x0000000000001850
Event: 208.419 Thread 0x00000209faf0ca60 Uncommon trap: reason=unstable_if action=reinterpret pc=0x00000209881c5090 method=org.eclipse.jdt.internal.compiler.classfmt.FieldInfo.createField([B[IIJ)Lorg/eclipse/jdt/internal/compiler/classfmt/FieldInfo; @ 259 c2
Event: 208.419 Thread 0x00000209faf0ca60 DEOPT PACKING pc=0x00000209881c5090 sp=0x0000006c030feff0
Event: 208.419 Thread 0x00000209faf0ca60 DEOPT UNPACKING pc=0x00000209875866a3 sp=0x0000006c030fef78 mode 2
Event: 209.701 Thread 0x00000209faf0ca60 DEOPT PACKING pc=0x0000020980c6ea1e sp=0x0000006c030ff200
Event: 209.701 Thread 0x00000209faf0ca60 DEOPT UNPACKING pc=0x0000020987586e43 sp=0x0000006c030fe6f8 mode 0
Event: 209.735 Thread 0x00000209faf0ca60 Uncommon trap: trap_request=0xffffff45 fr.pc=0x0000020988199d44 relative=0x0000000000001124
Event: 209.735 Thread 0x00000209faf0ca60 Uncommon trap: reason=unstable_if action=reinterpret pc=0x0000020988199d44 method=org.eclipse.jdt.internal.core.index.DiskIndex.writeDocumentNumbers([ILjava/io/FileOutputStream;)V @ 127 c2
Event: 209.736 Thread 0x00000209faf0ca60 DEOPT PACKING pc=0x0000020988199d44 sp=0x0000006c030feee0
Event: 209.736 Thread 0x00000209faf0ca60 DEOPT UNPACKING pc=0x00000209875866a3 sp=0x0000006c030fee90 mode 2
Event: 209.913 Thread 0x00000209fdef6090 DEOPT PACKING pc=0x0000020980efae83 sp=0x0000006c03afebc0
Event: 209.913 Thread 0x00000209fdef6090 DEOPT UNPACKING pc=0x0000020987586e43 sp=0x0000006c03afe030 mode 0
Event: 216.117 Thread 0x00000209fdef6090 DEOPT PACKING pc=0x0000020980efae83 sp=0x0000006c03afebc0
Event: 216.117 Thread 0x00000209fdef6090 DEOPT UNPACKING pc=0x0000020987586e43 sp=0x0000006c03afe030 mode 0

Classes unloaded (7 events):
Event: 18.067 Thread 0x00000209f0a8ece0 Unloading class 0x0000000100248400 'java/lang/invoke/LambdaForm$MH+0x0000000100248400'
Event: 18.067 Thread 0x00000209f0a8ece0 Unloading class 0x0000000100248000 'java/lang/invoke/LambdaForm$MH+0x0000000100248000'
Event: 18.067 Thread 0x00000209f0a8ece0 Unloading class 0x0000000100243c00 'java/lang/invoke/LambdaForm$MH+0x0000000100243c00'
Event: 18.067 Thread 0x00000209f0a8ece0 Unloading class 0x0000000100243800 'java/lang/invoke/LambdaForm$MH+0x0000000100243800'
Event: 18.067 Thread 0x00000209f0a8ece0 Unloading class 0x0000000100243400 'java/lang/invoke/LambdaForm$BMH+0x0000000100243400'
Event: 18.067 Thread 0x00000209f0a8ece0 Unloading class 0x0000000100243000 'java/lang/invoke/LambdaForm$DMH+0x0000000100243000'
Event: 18.067 Thread 0x00000209f0a8ece0 Unloading class 0x0000000100240400 'java/lang/invoke/LambdaForm$DMH+0x0000000100240400'

Classes redefined (0 events):
No events

Internal exceptions (20 events):
Event: 209.814 Thread 0x00000209faf0ca60 Exception <a 'sun/nio/fs/WindowsException'{0x00000000eb35a6e8}> (0x00000000eb35a6e8) 
thrown [s\src\hotspot\share\prims\jni.cpp, line 516]
Event: 209.907 Thread 0x00000209faf0ca60 Exception <a 'sun/nio/fs/WindowsException'{0x00000000ead26fe0}> (0x00000000ead26fe0) 
thrown [s\src\hotspot\share\prims\jni.cpp, line 516]
Event: 210.008 Thread 0x00000209faf0ca60 Exception <a 'sun/nio/fs/WindowsException'{0x00000000eb422050}> (0x00000000eb422050) 
thrown [s\src\hotspot\share\prims\jni.cpp, line 516]
Event: 210.075 Thread 0x00000209faf0ca60 Exception <a 'sun/nio/fs/WindowsException'{0x00000000eab50a10}> (0x00000000eab50a10) 
thrown [s\src\hotspot\share\prims\jni.cpp, line 516]
Event: 210.156 Thread 0x00000209faf0ca60 Exception <a 'sun/nio/fs/WindowsException'{0x00000000eb0115f0}> (0x00000000eb0115f0) 
thrown [s\src\hotspot\share\prims\jni.cpp, line 516]
Event: 210.347 Thread 0x00000209faf0ca60 Exception <a 'sun/nio/fs/WindowsException'{0x00000000eaba9288}> (0x00000000eaba9288) 
thrown [s\src\hotspot\share\prims\jni.cpp, line 516]
Event: 214.641 Thread 0x00000209faf0ca60 Exception <a 'sun/nio/fs/WindowsException'{0x00000000eb0da978}> (0x00000000eb0da978) 
thrown [s\src\hotspot\share\prims\jni.cpp, line 516]
Event: 214.710 Thread 0x00000209faf0ca60 Exception <a 'sun/nio/fs/WindowsException'{0x00000000eb11fd28}> (0x00000000eb11fd28) 
thrown [s\src\hotspot\share\prims\jni.cpp, line 516]
Event: 215.247 Thread 0x00000209faf0ca60 Exception <a 'sun/nio/fs/WindowsException'{0x00000000eb25c140}> (0x00000000eb25c140) 
thrown [s\src\hotspot\share\prims\jni.cpp, line 516]
Event: 215.588 Thread 0x00000209faf0ca60 Exception <a 'sun/nio/fs/WindowsException'{0x00000000eb5a2f68}> (0x00000000eb5a2f68) 
thrown [s\src\hotspot\share\prims\jni.cpp, line 516]
Event: 215.704 Thread 0x00000209faf0ca60 Exception <a 'sun/nio/fs/WindowsException'{0x00000000eab39130}> (0x00000000eab39130) 
thrown [s\src\hotspot\share\prims\jni.cpp, line 516]
Event: 215.862 Thread 0x00000209faf0ca60 Exception <a 'sun/nio/fs/WindowsException'{0x00000000eabc8208}> (0x00000000eabc8208) 
thrown [s\src\hotspot\share\prims\jni.cpp, line 516]
Event: 216.871 Thread 0x00000209faf0ca60 Exception <a 'sun/nio/fs/WindowsException'{0x00000000eae45e10}> (0x00000000eae45e10) 
thrown [s\src\hotspot\share\prims\jni.cpp, line 516]
Event: 216.957 Thread 0x00000209faf0ca60 Exception <a 'sun/nio/fs/WindowsException'{0x00000000eae58318}> (0x00000000eae58318) 
thrown [s\src\hotspot\share\prims\jni.cpp, line 516]
Event: 217.069 Thread 0x00000209faf0ca60 Exception <a 'sun/nio/fs/WindowsException'{0x00000000eaefb7a0}> (0x00000000eaefb7a0) 
thrown [s\src\hotspot\share\prims\jni.cpp, line 516]
Event: 217.109 Thread 0x00000209faf0ca60 Exception <a 'sun/nio/fs/WindowsException'{0x00000000eaf5afa8}> (0x00000000eaf5afa8) 
thrown [s\src\hotspot\share\prims\jni.cpp, line 516]
Event: 217.189 Thread 0x00000209faf0ca60 Exception <a 'sun/nio/fs/WindowsException'{0x00000000eafa5808}> (0x00000000eafa5808) 
thrown [s\src\hotspot\share\prims\jni.cpp, line 516]
Event: 217.216 Thread 0x00000209faf0ca60 Exception <a 'sun/nio/fs/WindowsException'{0x00000000eafd12e0}> (0x00000000eafd12e0) 
thrown [s\src\hotspot\share\prims\jni.cpp, line 516]
Event: 217.305 Thread 0x00000209faf0ca60 Exception <a 'sun/nio/fs/WindowsException'{0x00000000eb27fa68}> (0x00000000eb27fa68) 
thrown [s\src\hotspot\share\prims\jni.cpp, line 516]
Event: 217.558 Thread 0x00000209faf0ca60 Exception <a 'sun/nio/fs/WindowsException'{0x00000000eb3e51c0}> (0x00000000eb3e51c0) 
thrown [s\src\hotspot\share\prims\jni.cpp, line 516]

VM Operations (20 events):
Event: 208.941 Executing VM operation: ParallelGCFailedAllocation done
Event: 209.114 Executing VM operation: ParallelGCFailedAllocation
Event: 209.127 Executing VM operation: ParallelGCFailedAllocation done
Event: 209.848 Executing VM operation: ParallelGCFailedAllocation
Event: 209.859 Executing VM operation: ParallelGCFailedAllocation done
Event: 210.039 Executing VM operation: ParallelGCFailedAllocation
Event: 210.047 Executing VM operation: ParallelGCFailedAllocation done
Event: 210.283 Executing VM operation: ParallelGCFailedAllocation
Event: 210.292 Executing VM operation: ParallelGCFailedAllocation done
Event: 211.620 Executing VM operation: ParallelGCFailedAllocation
Event: 211.629 Executing VM operation: ParallelGCFailedAllocation done
Event: 213.171 Executing VM operation: ParallelGCFailedAllocation
Event: 213.182 Executing VM operation: ParallelGCFailedAllocation done
Event: 215.667 Executing VM operation: ParallelGCFailedAllocation
Event: 215.674 Executing VM operation: ParallelGCFailedAllocation done
Event: 216.684 Executing VM operation: Cleanup
Event: 216.705 Executing VM operation: Cleanup done
Event: 217.355 Executing VM operation: ParallelGCFailedAllocation
Event: 217.363 Executing VM operation: ParallelGCFailedAllocation done
Event: 217.616 Executing VM operation: ParallelGCFailedAllocation

Events (20 events):
Event: 198.844 Thread 0x00000209fa9eff00 flushing nmethod 0x0000020980e6af90
Event: 198.844 Thread 0x00000209fa9eff00 flushing nmethod 0x0000020980e6c390
Event: 198.844 Thread 0x00000209fa9eff00 flushing nmethod 0x0000020980e6db10
Event: 198.844 Thread 0x00000209fa9eff00 flushing nmethod 0x0000020980e71c10
Event: 198.845 Thread 0x00000209fa9eff00 flushing nmethod 0x0000020980ed4f90
Event: 198.845 Thread 0x00000209fa9eff00 flushing nmethod 0x0000020980eea810
Event: 198.845 Thread 0x00000209fa9eff00 flushing nmethod 0x0000020980f2e010
Event: 198.846 Thread 0x00000209fa9eff00 flushing nmethod 0x000002098109ed90
Event: 198.847 Thread 0x00000209fa9eff00 flushing nmethod 0x000002098112fe90
Event: 198.847 Thread 0x00000209fa9eff00 flushing nmethod 0x0000020981163390
Event: 198.852 Thread 0x00000209fa9eff00 flushing nmethod 0x0000020981248410
Event: 198.852 Thread 0x00000209fa9eff00 flushing nmethod 0x000002098124ff10
Event: 198.852 Thread 0x00000209fa9eff00 flushing nmethod 0x0000020981260890
Event: 198.963 Thread 0x00000209fdef9840 Thread added: 0x00000209fdef9840
Event: 199.941 Thread 0x00000209fbd9c7d0 Thread added: 0x00000209fbd9c7d0
Event: 202.417 Thread 0x00000209fbd9c7d0 Thread exited: 0x00000209fbd9c7d0
Event: 202.716 Thread 0x00000209fbd9c7d0 Thread added: 0x00000209fbd9c7d0
Event: 203.999 Thread 0x00000209fbd9c7d0 Thread exited: 0x00000209fbd9c7d0
Event: 205.143 Thread 0x00000209fbd9c7d0 Thread added: 0x00000209fbd9c7d0
Event: 205.914 Thread 0x00000209fbd9c7d0 Thread exited: 0x00000209fbd9c7d0


Dynamic libraries:
0x00007ff7d83c0000 - 0x00007ff7d83ce000 	c:\Users\alejandro\.vscode\extensions\redhat.java-1.33.0-win32-x64\jre\17.0.11-win32-x86_64\bin\java.exe
0x00007ffffb7d0000 - 0x00007ffffb9c8000 	C:\WINDOWS\SYSTEM32\ntdll.dll
0x00007ffffafe0000 - 0x00007ffffb0a1000 	C:\WINDOWS\System32\KERNEL32.DLL
0x00007ffff9340000 - 0x00007ffff9636000 	C:\WINDOWS\System32\KERNELBASE.dll
0x00007ffff9140000 - 0x00007ffff9240000 	C:\WINDOWS\System32\ucrtbase.dll
0x00007ffff1fd0000 - 0x00007ffff1fe7000 	c:\Users\alejandro\.vscode\extensions\redhat.java-1.33.0-win32-x64\jre\17.0.11-win32-x86_64\bin\jli.dll
0x00007ffffaa90000 - 0x00007ffffac2f000 	C:\WINDOWS\System32\USER32.dll
0x00007ffff8e80000 - 0x00007ffff8ea2000 	C:\WINDOWS\System32\win32u.dll
0x00007ffffae20000 - 0x00007ffffae4b000 	C:\WINDOWS\System32\GDI32.dll
0x00007ffff96e0000 - 0x00007ffff97f7000 	C:\WINDOWS\System32\gdi32full.dll
0x00007ffff9640000 - 0x00007ffff96dd000 	C:\WINDOWS\System32\msvcp_win.dll
0x00007fffee290000 - 0x00007fffee2ab000 	c:\Users\alejandro\.vscode\extensions\redhat.java-1.33.0-win32-x64\jre\17.0.11-win32-x86_64\bin\VCRUNTIME140.dll
0x00007fffe8fe0000 - 0x00007fffe927a000 	C:\WINDOWS\WinSxS\amd64_microsoft.windows.common-controls_6595b64144ccf1df_6.0.19041.4355_none_60b8b9eb71f62e16\COMCTL32.dll
0x00007ffffae50000 - 0x00007ffffaeee000 	C:\WINDOWS\System32\msvcrt.dll
0x00007ffffafb0000 - 0x00007ffffafdf000 	C:\WINDOWS\System32\IMM32.DLL
0x00007fffed740000 - 0x00007fffed74c000 	c:\Users\alejandro\.vscode\extensions\redhat.java-1.33.0-win32-x64\jre\17.0.11-win32-x86_64\bin\vcruntime140_1.dll
0x00007fffcd810000 - 0x00007fffcd89d000 	c:\Users\alejandro\.vscode\extensions\redhat.java-1.33.0-win32-x64\jre\17.0.11-win32-x86_64\bin\msvcp140.dll
0x00007fff6f4c0000 - 0x00007fff70122000 	c:\Users\alejandro\.vscode\extensions\redhat.java-1.33.0-win32-x64\jre\17.0.11-win32-x86_64\bin\server\jvm.dll
0x00007ffffb1e0000 - 0x00007ffffb290000 	C:\WINDOWS\System32\ADVAPI32.dll
0x00007ffffa590000 - 0x00007ffffa630000 	C:\WINDOWS\System32\sechost.dll
0x00007ffffa6f0000 - 0x00007ffffa813000 	C:\WINDOWS\System32\RPCRT4.dll
0x00007ffff8eb0000 - 0x00007ffff8ed7000 	C:\WINDOWS\System32\bcrypt.dll
0x00007ffff8cd0000 - 0x00007ffff8d1b000 	C:\WINDOWS\SYSTEM32\POWRPROF.dll
0x00007fffe5af0000 - 0x00007fffe5af9000 	C:\WINDOWS\SYSTEM32\WSOCK32.dll
0x00007ffffb5f0000 - 0x00007ffffb65b000 	C:\WINDOWS\System32\WS2_32.dll
0x00007fffe9380000 - 0x00007fffe93a7000 	C:\WINDOWS\SYSTEM32\WINMM.dll
0x00007fffef7e0000 - 0x00007fffef7ea000 	C:\WINDOWS\SYSTEM32\VERSION.dll
0x00007ffff8cb0000 - 0x00007ffff8cc2000 	C:\WINDOWS\SYSTEM32\UMPDC.dll
0x00007ffff7660000 - 0x00007ffff7672000 	C:\WINDOWS\SYSTEM32\kernel.appcore.dll
0x00007fffed5b0000 - 0x00007fffed5ba000 	c:\Users\alejandro\.vscode\extensions\redhat.java-1.33.0-win32-x64\jre\17.0.11-win32-x86_64\bin\jimage.dll
0x00007fffee850000 - 0x00007fffeea34000 	C:\WINDOWS\SYSTEM32\DBGHELP.DLL
0x00007fffee7f0000 - 0x00007fffee824000 	C:\WINDOWS\SYSTEM32\dbgcore.DLL
0x00007ffff9040000 - 0x00007ffff90c2000 	C:\WINDOWS\System32\bcryptPrimitives.dll
0x00007fffe41b0000 - 0x00007fffe41be000 	c:\Users\alejandro\.vscode\extensions\redhat.java-1.33.0-win32-x64\jre\17.0.11-win32-x86_64\bin\instrument.dll
0x00007fffd8a90000 - 0x00007fffd8ab5000 	c:\Users\alejandro\.vscode\extensions\redhat.java-1.33.0-win32-x64\jre\17.0.11-win32-x86_64\bin\java.dll
0x00007fffeb1d0000 - 0x00007fffeb1e8000 	c:\Users\alejandro\.vscode\extensions\redhat.java-1.33.0-win32-x64\jre\17.0.11-win32-x86_64\bin\zip.dll
0x00007ffff9800000 - 0x00007ffff9f6c000 	C:\WINDOWS\System32\SHELL32.dll
0x00007ffff6cd0000 - 0x00007ffff746e000 	C:\WINDOWS\SYSTEM32\windows.storage.dll
0x00007ffffb290000 - 0x00007ffffb5e3000 	C:\WINDOWS\System32\combase.dll
0x00007ffff86f0000 - 0x00007ffff871e000 	C:\WINDOWS\SYSTEM32\Wldp.dll
0x00007ffffac30000 - 0x00007ffffacfd000 	C:\WINDOWS\System32\OLEAUT32.dll
0x00007ffffaf00000 - 0x00007ffffafad000 	C:\WINDOWS\System32\SHCORE.dll
0x00007ffffa690000 - 0x00007ffffa6e5000 	C:\WINDOWS\System32\shlwapi.dll
0x00007ffff8db0000 - 0x00007ffff8dd4000 	C:\WINDOWS\SYSTEM32\profapi.dll
0x00007fffe44d0000 - 0x00007fffe44e9000 	C:\Users\alejandro\.vscode\extensions\redhat.java-1.33.0-win32-x64\jre\17.0.11-win32-x86_64\bin\net.dll
0x00007ffff03e0000 - 0x00007ffff04ea000 	C:\WINDOWS\SYSTEM32\WINHTTP.dll
0x00007ffff84d0000 - 0x00007ffff853a000 	C:\WINDOWS\system32\mswsock.dll
0x00007fffe2860000 - 0x00007fffe2876000 	C:\Users\alejandro\.vscode\extensions\redhat.java-1.33.0-win32-x64\jre\17.0.11-win32-x86_64\bin\nio.dll
0x00007fffeb850000 - 0x00007fffeb860000 	c:\Users\alejandro\.vscode\extensions\redhat.java-1.33.0-win32-x64\jre\17.0.11-win32-x86_64\bin\verify.dll
0x00007fffd7010000 - 0x00007fffd7055000 	C:\Users\alejandro\AppData\Roaming\Code\User\globalStorage\redhat.java\1.33.0\config_win\org.eclipse.equinox.launcher\org.eclipse.equinox.launcher.win32.win32.x86_64_1.2.1100.v20240722-2106\eclipse_11904.dll
0x00007ffffb660000 - 0x00007ffffb78b000 	C:\WINDOWS\System32\ole32.dll
0x00007ffff8aa0000 - 0x00007ffff8ab8000 	C:\WINDOWS\SYSTEM32\CRYPTSP.dll
0x00007ffff7e10000 - 0x00007ffff7e44000 	C:\WINDOWS\system32\rsaenh.dll
0x00007ffff8d20000 - 0x00007ffff8d4e000 	C:\WINDOWS\SYSTEM32\USERENV.dll
0x00007ffff8660000 - 0x00007ffff866c000 	C:\WINDOWS\SYSTEM32\CRYPTBASE.dll
0x00007ffff81d0000 - 0x00007ffff820b000 	C:\WINDOWS\SYSTEM32\IPHLPAPI.DLL
0x00007ffffaef0000 - 0x00007ffffaef8000 	C:\WINDOWS\System32\NSI.dll
0x00007ffff0720000 - 0x00007ffff0737000 	C:\WINDOWS\SYSTEM32\dhcpcsvc6.DLL
0x00007ffff0700000 - 0x00007ffff071d000 	C:\WINDOWS\SYSTEM32\dhcpcsvc.DLL
0x00007ffff8210000 - 0x00007ffff82da000 	C:\WINDOWS\SYSTEM32\DNSAPI.dll
0x00007fffd1700000 - 0x00007fffd1745000 	C:\Users\alejandro\AppData\Local\Temp\jna--1708229052\jna8842917931620866236.dll
0x00007ffffa830000 - 0x00007ffffa838000 	C:\WINDOWS\System32\PSAPI.DLL

dbghelp: loaded successfully - version: 4.0.5 - missing functions: none
symbol engine: initialized successfully - sym options: 0x614 - pdb path: .;c:\Users\alejandro\.vscode\extensions\redhat.java-1.33.0-win32-x64\jre\17.0.11-win32-x86_64\bin;C:\WINDOWS\SYSTEM32;C:\WINDOWS\WinSxS\amd64_microsoft.windows.common-controls_6595b64144ccf1df_6.0.19041.4355_none_60b8b9eb71f62e16;c:\Users\alejandro\.vscode\extensions\redhat.java-1.33.0-win32-x64\jre\17.0.11-win32-x86_64\bin\server;C:\Users\alejandro\AppData\Roaming\Code\User\globalStorage\redhat.java\1.33.0\config_win\org.eclipse.equinox.launcher\org.eclipse.equinox.launcher.win32.win32.x86_64_1.2.1100.v20240722-2106;C:\Users\alejandro\AppData\Local\Temp\jna--1708229052

VM Arguments:
jvm_args: --add-modules=ALL-SYSTEM --add-opens=java.base/java.util=ALL-UNNAMED --add-opens=java.base/java.lang=ALL-UNNAMED --add-opens=java.base/sun.nio.fs=ALL-UNNAMED -Declipse.application=org.eclipse.jdt.ls.core.id1 -Dosgi.bundles.defaultStartLevel=4 -Declipse.product=org.eclipse.jdt.ls.core.product -Djava.import.generatesMetadataFilesAtProjectRoot=false -DDetectVMInstallationsJob.disabled=true -Dfile.encoding=utf8 -XX:+UseParallelGC -XX:GCTimeRatio=4 -XX:AdaptiveSizePolicyWeight=90 -Dsun.zip.disableMemoryMapping=true -Xmx1G -Xms100m -Xlog:disable -javaagent:c:\Users\alejandro\.vscode\extensions\redhat.java-1.33.0-win32-x64\lombok\lombok-1.18.33.jar -XX:+HeapDumpOnOutOfMemoryError -XX:HeapDumpPath=c:\Users\alejandro\AppData\Roaming\Code\User\workspaceStorage\23c7b77abcf922693b546ac731d52347\redhat.java -Daether.dependencyCollector.impl=bf 
java_command: c:\Users\alejandro\.vscode\extensions\redhat.java-1.33.0-win32-x64\server\plugins\org.eclipse.equinox.launcher_1.6.900.v20240613-2009.jar -configuration c:\Users\alejandro\AppData\Roaming\Code\User\globalStorage\redhat.java\1.33.0\config_win -data c:\Users\alejandro\AppData\Roaming\Code\User\workspaceStorage\23c7b77abcf922693b546ac731d52347\redhat.java\jdt_ws --pipe=\\.\pipe\lsp-49e19ac968063e136d28f579bf27e74d-sock
java_class_path (initial): c:\Users\alejandro\.vscode\extensions\redhat.java-1.33.0-win32-x64\server\plugins\org.eclipse.equinox.launcher_1.6.900.v20240613-2009.jar
Launcher Type: SUN_STANDARD

[Global flags]
    uintx AdaptiveSizePolicyWeight                 = 90                                        {product} {command line}
     intx CICompilerCount                          = 3                                         {product} {ergonomic}
    uintx GCTimeRatio                              = 4                                         {product} {command line}
     bool HeapDumpOnOutOfMemoryError               = true                                   {manageable} {command line}
    ccstr HeapDumpPath                             = c:\Users\alejandro\AppData\Roaming\Code\User\workspaceStorage\23c7b77abcf922693b546ac731d52347\redhat.java         {manageable} {command line}
   size_t InitialHeapSize                          = 104857600                                 {product} {command line}
   size_t MaxHeapSize                              = 1073741824                                {product} {command line}
   size_t MaxNewSize                               = 357564416                                 {product} {ergonomic}
   size_t MinHeapDeltaBytes                        = 524288                                    {product} {ergonomic}
   size_t MinHeapSize                              = 104857600                                 {product} {command line}
   size_t NewSize                                  = 34603008                                  {product} {ergonomic}
    uintx NonNMethodCodeHeapSize                   = 5832780                                {pd product} {ergonomic}
    uintx NonProfiledCodeHeapSize                  = 122912730                              {pd product} {ergonomic}
   size_t OldSize                                  = 70254592                                  {product} {ergonomic}
    uintx ProfiledCodeHeapSize                     = 122912730                              {pd product} {ergonomic}
    uintx ReservedCodeCacheSize                    = 251658240                              {pd product} {ergonomic}
     bool SegmentedCodeCache                       = true                                      {product} {ergonomic}
   size_t SoftMaxHeapSize                          = 1073741824                             {manageable} {ergonomic}
     bool UseCompressedClassPointers               = true                           {product lp64_product} {ergonomic}
     bool UseCompressedOops                        = true                           {product lp64_product} {ergonomic}
     bool UseLargePagesIndividualAllocation        = false                                  {pd product} {ergonomic}
     bool UseParallelGC                            = true                                      {product} {command line}

Logging:
Log output configuration:
 #0: stdout all=off uptime,level,tags
 #1: stderr all=off uptime,level,tags

Environment Variables:
JAVA_HOME=C:\Program Files\Java\jdk-17.0.11
PATH=C:\Program Files\Common Files\Oracle\Java\javapath;C:\Program Files\Java\jre1.8.0_181;C:\Users\alejandro\AppData\Local\Android\Sdk\tools\bin;C:\Users\alejandro\AppData\Local\Android\Sdk\platform-tools;C:\Users\alejandro\AppData\Local\Android\Sdk\tools;C:\Program Files\apache-maven-3.6.0\bin;C:\Program Files (x86)\Common Files\Oracle\Java\javapath;C:\WINDOWS\system32;C:\WINDOWS;C:\WINDOWS\System32\Wbem;C:\WINDOWS\System32\WindowsPowerShell\v1.0\;C:\Program Files\Intel\WiFi\bin\;C:\Program Files\Common Files\Intel\WirelessCommon\;C:\WINDOWS\System32\OpenSSH\;C:\Program Files\Java\jdk-17.0.11\bin;C:\Users\alejandro\AppData\Local\Android\Sdk\platform_tools;C:\Users\alejandro\AppData\Local\Android\Sdk\tools;C:\Users\alejandro\AppData\Local\Android\Sdk\tools\bin;C:\sonar-scanner-4.2.0.1873-windows\bin;C:\Program Files\Microsoft SQL Server\Client SDK\ODBC\130\Tools\Binn\;C:\Program Files (x86)\Microsoft SQL Server\140\Tools\Binn\;C:\Program Files\Microsoft SQL Server\140\Tools\Binn\;C:\Program Files\Microsoft SQL Server\140\DTS\Binn\;C:\Program Files\Java\jdk-11.0.6\bin;C:\sonarqube-7.7;C:\ProgramData\chocolatey\bin;C:\Program Files\nodejs\;C:\Program Files\Microsoft SQL Server\Client SDK\ODBC\170\Tools\Binn\;C:\Users\alejandro\AppData\Roaming\npm;C:\Program Files\Microsoft SQL Server\130\Tools\Binn\;C:\Program Files\Java\jdk-17.0.11\bin;C:\Program Files\Git\cmd;C:\Program Files\Microsoft SQL Server\150\Tools\Binn\;C:\Program Files\dotnet\;C:\Archivos_Cucumber\gradle-8.8\bin;C:\Users\alejandro\Python\Scripts\;C:\Users\alejandro\Python\;C:\Users\alejandro\AppData\Local\Programs\Python\Python310\Scripts\;C:\Users\alejandro\AppData\Local\Programs\Python\Python310\;C:\Users\alejandro\AppData\Local\Microsoft\WindowsApps;C:\Users\alejandro\AppData\Roaming\npm;C:\Users\alejandro\AppData\Local\Microsoft\WindowsApps;C:\Program Files\JetBrains\PyCharm Community Edition 2023.3.3\bin;;C:\Program Files\JetBrains\IntelliJ IDEA 2024.1.1\bin;;C:\Users\alejandro\.dotnet\tools;C:\Users\al
USERNAME=alejandro
OS=Windows_NT
PROCESSOR_IDENTIFIER=Intel64 Family 6 Model 58 Stepping 9, GenuineIntel
TMP=C:\Users\ALEJAN~1\AppData\Local\Temp
TEMP=C:\Users\ALEJAN~1\AppData\Local\Temp



Periodic native trim disabled


---------------  S Y S T E M  ---------------

OS:
 Windows 10 , 64 bit Build 19041 (10.0.19041.4597)
OS uptime: 34 days 16:51 hours
Hyper-V role detected

CPU: total 4 (initial active 4) (2 cores per cpu, 2 threads per core) family 6 model 58 stepping 9 microcode 0x21, cx8, cmov, fxsr, ht, mmx, sse, sse2, sse3, ssse3, sse4.1, sse4.2, popcnt, tsc, tscinvbit, avx, aes, erms, clmul, vzeroupper, clflush, hv
Processor Information for all 4 processors :
  Max Mhz: 2501, Current Mhz: 2000, Mhz Limit: 1975

Memory: 4k page, system-wide physical 7888M (484M free)
TotalPageFile size 32464M (AvailPageFile size 12M)
current process WorkingSet (physical memory assigned to process): 659M, peak: 714M
current process commit charge ("private bytes"): 619M, peak: 696M

vm_info: OpenJDK 64-Bit Server VM (17.0.11+9) for windows-amd64 JRE (17.0.11+9), built on Apr 17 2024 06:07:48 by "admin" with MS VC++ 16.10 / 16.11 (VS2019)

END.
